2018-03-01 19:52:35,716 | INFO  [main] com.example.controller.TestUserController [48] -| Starting TestUserController on William.local with PID 11609 (started by guxiaqing in /Users/guxiaqing/Documents/ideaDir/demo) 
2018-03-01 19:52:35,741 | INFO  [main] com.example.controller.TestUserController [597] -| The following profiles are active: local 
2018-03-01 19:52:37,950 | INFO  [main] com.example.datasource.MysqlConfig [68] -| 创建 mysql 数据源 
2018-03-01 19:52:38,535 | INFO  [main] com.example.datasource.OracleConfig [66] -| 创建 oracle 数据源 
2018-03-01 19:52:40,106 | INFO  [main] com.example.controller.TestUserController [57] -| Started TestUserController in 5.614 seconds (JVM running for 7.222) 
2018-03-01 19:52:40,203 | ERROR [main] com.example.test.BaseTest [113] -| 测试接口异常： 
java.lang.NullPointerException: null
	at com.example.test.BaseTest.excute(BaseTest.java:102)
	at com.example.controller.TestUserController.testGet(TestUserController.java:28)
	at sun.reflect.NativeMethodAccessorImpl.invoke0(Native Method)
	at sun.reflect.NativeMethodAccessorImpl.invoke(NativeMethodAccessorImpl.java:62)
	at sun.reflect.DelegatingMethodAccessorImpl.invoke(DelegatingMethodAccessorImpl.java:43)
	at java.lang.reflect.Method.invoke(Method.java:498)
	at org.junit.runners.model.FrameworkMethod$1.runReflectiveCall(FrameworkMethod.java:50)
	at org.junit.internal.runners.model.ReflectiveCallable.run(ReflectiveCallable.java:12)
	at org.junit.runners.model.FrameworkMethod.invokeExplosively(FrameworkMethod.java:47)
	at org.junit.internal.runners.statements.InvokeMethod.evaluate(InvokeMethod.java:17)
	at org.springframework.test.context.junit4.statements.RunBeforeTestMethodCallbacks.evaluate(RunBeforeTestMethodCallbacks.java:75)
	at org.springframework.test.context.junit4.statements.RunAfterTestMethodCallbacks.evaluate(RunAfterTestMethodCallbacks.java:86)
	at org.springframework.test.context.junit4.statements.SpringRepeat.evaluate(SpringRepeat.java:84)
	at org.junit.runners.ParentRunner.runLeaf(ParentRunner.java:325)
	at org.springframework.test.context.junit4.SpringJUnit4ClassRunner.runChild(SpringJUnit4ClassRunner.java:252)
	at org.springframework.test.context.junit4.SpringJUnit4ClassRunner.runChild(SpringJUnit4ClassRunner.java:94)
	at org.junit.runners.ParentRunner$3.run(ParentRunner.java:290)
	at org.junit.runners.ParentRunner$1.schedule(ParentRunner.java:71)
	at org.junit.runners.ParentRunner.runChildren(ParentRunner.java:288)
	at org.junit.runners.ParentRunner.access$000(ParentRunner.java:58)
	at org.junit.runners.ParentRunner$2.evaluate(ParentRunner.java:268)
	at org.springframework.test.context.junit4.statements.RunBeforeTestClassCallbacks.evaluate(RunBeforeTestClassCallbacks.java:61)
	at org.springframework.test.context.junit4.statements.RunAfterTestClassCallbacks.evaluate(RunAfterTestClassCallbacks.java:70)
	at org.junit.runners.ParentRunner.run(ParentRunner.java:363)
	at org.springframework.test.context.junit4.SpringJUnit4ClassRunner.run(SpringJUnit4ClassRunner.java:191)
	at org.junit.runner.JUnitCore.run(JUnitCore.java:137)
	at com.intellij.junit4.JUnit4IdeaTestRunner.startRunnerWithArgs(JUnit4IdeaTestRunner.java:68)
	at com.intellij.rt.execution.junit.IdeaTestRunner$Repeater.startRunnerWithArgs(IdeaTestRunner.java:47)
	at com.intellij.rt.execution.junit.JUnitStarter.prepareStreamsAndStart(JUnitStarter.java:242)
	at com.intellij.rt.execution.junit.JUnitStarter.main(JUnitStarter.java:70)
2018-03-01 21:47:57,576 | INFO  [main] com.example.controller.TestUserController [48] -| Starting TestUserController on William.local with PID 12098 (started by guxiaqing in /Users/guxiaqing/Documents/ideaDir/demo) 
2018-03-01 21:47:57,595 | INFO  [main] com.example.controller.TestUserController [597] -| The following profiles are active: local 
2018-03-01 21:47:59,648 | INFO  [main] com.example.datasource.MysqlConfig [68] -| 创建 mysql 数据源 
2018-03-01 21:48:00,141 | INFO  [main] com.example.datasource.OracleConfig [66] -| 创建 oracle 数据源 
2018-03-01 21:48:01,632 | INFO  [main] com.example.controller.TestUserController [57] -| Started TestUserController in 4.982 seconds (JVM running for 6.163) 
2018-03-01 21:48:01,692 | INFO  [main] com.example.test.BaseTest [59] -| 端口号:-1 
2018-03-01 21:48:01,693 | INFO  [main] com.example.test.BaseTest [60] -| 当前使用配置文件:utf-8 
2018-03-01 21:48:01,752 | INFO  [main] com.example.component.MethodAspect [59] -| 请求url: http://127.0.0.1:8081/userController/user/ 
2018-03-01 21:48:01,756 | INFO  [main] com.example.component.MethodAspect [60] -| 方法类型: GET 
2018-03-01 21:48:01,756 | INFO  [main] com.example.component.MethodAspect [61] -| ip: 127.0.0.1 
2018-03-01 21:48:01,757 | INFO  [main] com.example.component.MethodAspect [62] -| 请求方法名: com.example.controller.UserController.getUser 
2018-03-01 21:48:01,757 | INFO  [main] com.example.component.MethodAspect [70] -| 请求入参:  
2018-03-01 21:48:02,357 | INFO  [main] com.example.component.MethodAspect [76] -| 返回值：{"err_info":"查询用户列表成功","err_no":0,"data":[{"id":"1f100f189n1aoo2gl4ho00rxes9149","name":"李四","birthday":"2016-01-01","money":120000.0},{"id":"1fd70x13wad01ftz9x70ph625ugdbj","name":"张三","birthday":"2017-03-14","money":150000.0},{"id":"28s6lkhkhu12f36s8pcy919jv32q56","name":"小伙伴","birthday":"2017-10-09","money":180000.0},{"id":"eaced11h95g1gp0hciymjdoyco6pyt","name":"日了狗了","birthday":"2016-01-01","money":350000.0}]} 
2018-03-01 21:48:02,358 | INFO  [main] com.example.component.MethodAspect [86] -| 程序执行时间：608 
2018-03-01 21:48:02,382 | INFO  [main] com.example.test.BaseTest [106] -| 请求状态: 200 
2018-03-01 21:48:02,383 | INFO  [main] com.example.test.BaseTest [107] -| 返回结果: {"err_info":"查询用户列表成功","err_no":0,"data":[{"id":"1f100f189n1aoo2gl4ho00rxes9149","name":"李四","birthday":"2016-01-01","money":120000.0},{"id":"1fd70x13wad01ftz9x70ph625ugdbj","name":"张三","birthday":"2017-03-14","money":150000.0},{"id":"28s6lkhkhu12f36s8pcy919jv32q56","name":"小伙伴","birthday":"2017-10-09","money":180000.0},{"id":"eaced11h95g1gp0hciymjdoyco6pyt","name":"日了狗了","birthday":"2016-01-01","money":350000.0}]} 
