2018-01-29 20:24:14,235 | INFO  [main] com.example.controller.TestUserController [48] -| Starting TestUserController on William.local with PID 6475 (started by guxiaqing in /Users/guxiaqing/Documents/ideaDir/demo) 
2018-01-29 20:24:14,256 | INFO  [main] com.example.controller.TestUserController [597] -| The following profiles are active: local 
2018-01-29 20:24:16,436 | INFO  [main] com.example.datasource.MysqlConfig [68] -| 创建 mysql 数据源 
2018-01-29 20:24:17,088 | INFO  [main] com.example.datasource.OracleConfig [66] -| 创建 oracle 数据源 
2018-01-29 20:24:19,017 | INFO  [main] com.example.controller.TestUserController [57] -| Started TestUserController in 5.599 seconds (JVM running for 8.093) 
2018-01-29 20:24:19,126 | INFO  [main] com.example.test.BaseTest [64] -| 端口号:-1 
2018-01-29 20:24:19,127 | INFO  [main] com.example.test.BaseTest [65] -| 当前使用配置文件:/ 
2018-01-29 20:24:19,275 | INFO  [main] com.example.component.MethodAspect [52] -| 请求url: http://127.0.0.1:8081/userController/user/ 
2018-01-29 20:24:19,285 | INFO  [main] com.example.component.MethodAspect [53] -| 方法类型: GET 
2018-01-29 20:24:19,286 | INFO  [main] com.example.component.MethodAspect [54] -| ip: 127.0.0.1 
2018-01-29 20:24:19,287 | INFO  [main] com.example.component.MethodAspect [55] -| 请求方法名: com.example.controller.UserController.getUser 
2018-01-29 20:24:19,287 | INFO  [main] com.example.component.MethodAspect [63] -| 请求入参:  
2018-01-29 20:24:19,692 | ERROR [main] org.apache.tomcat.jdbc.pool.ConnectionPool [181] -| Unable to create initial connections of pool. 
com.mysql.cj.jdbc.exceptions.CommunicationsException: Communications link failure

The last packet sent successfully to the server was 0 milliseconds ago. The driver has not received any packets from the server.
	at com.mysql.cj.jdbc.exceptions.SQLError.createCommunicationsException(SQLError.java:590)
	at com.mysql.cj.jdbc.exceptions.SQLExceptionsMapping.translateException(SQLExceptionsMapping.java:57)
	at com.mysql.cj.jdbc.ConnectionImpl.createNewIO(ConnectionImpl.java:1606)
	at com.mysql.cj.jdbc.ConnectionImpl.<init>(ConnectionImpl.java:633)
	at com.mysql.cj.jdbc.ConnectionImpl.getInstance(ConnectionImpl.java:347)
	at com.mysql.cj.jdbc.NonRegisteringDriver.connect(NonRegisteringDriver.java:219)
	at org.apache.tomcat.jdbc.pool.PooledConnection.connectUsingDriver(PooledConnection.java:310)
	at org.apache.tomcat.jdbc.pool.PooledConnection.connect(PooledConnection.java:203)
	at org.apache.tomcat.jdbc.pool.ConnectionPool.createConnection(ConnectionPool.java:735)
	at org.apache.tomcat.jdbc.pool.ConnectionPool.borrowConnection(ConnectionPool.java:667)
	at org.apache.tomcat.jdbc.pool.ConnectionPool.init(ConnectionPool.java:482)
	at org.apache.tomcat.jdbc.pool.ConnectionPool.<init>(ConnectionPool.java:154)
	at org.apache.tomcat.jdbc.pool.DataSourceProxy.pCreatePool(DataSourceProxy.java:118)
	at org.apache.tomcat.jdbc.pool.DataSourceProxy.createPool(DataSourceProxy.java:107)
	at org.apache.tomcat.jdbc.pool.DataSourceProxy.getConnection(DataSourceProxy.java:131)
	at org.springframework.jdbc.datasource.DataSourceTransactionManager.doBegin(DataSourceTransactionManager.java:246)
	at org.springframework.transaction.support.AbstractPlatformTransactionManager.getTransaction(AbstractPlatformTransactionManager.java:373)
	at org.springframework.transaction.interceptor.TransactionAspectSupport.createTransactionIfNecessary(TransactionAspectSupport.java:447)
	at org.springframework.transaction.interceptor.TransactionAspectSupport.invokeWithinTransaction(TransactionAspectSupport.java:277)
	at org.springframework.transaction.interceptor.TransactionInterceptor.invoke(TransactionInterceptor.java:96)
	at org.springframework.aop.framework.ReflectiveMethodInvocation.proceed(ReflectiveMethodInvocation.java:179)
	at org.springframework.aop.framework.CglibAopProxy$DynamicAdvisedInterceptor.intercept(CglibAopProxy.java:673)
	at com.example.service.impl.UserServiceImpl$$EnhancerBySpringCGLIB$$c471b7b1.getUser(<generated>)
	at com.example.controller.UserController.getUser(UserController.java:44)
	at com.example.controller.UserController$$FastClassBySpringCGLIB$$8f8c4dc8.invoke(<generated>)
	at org.springframework.cglib.proxy.MethodProxy.invoke(MethodProxy.java:204)
	at org.springframework.aop.framework.CglibAopProxy$CglibMethodInvocation.invokeJoinpoint(CglibAopProxy.java:738)
	at org.springframework.aop.framework.ReflectiveMethodInvocation.proceed(ReflectiveMethodInvocation.java:157)
	at org.springframework.aop.aspectj.MethodInvocationProceedingJoinPoint.proceed(MethodInvocationProceedingJoinPoint.java:85)
	at com.example.component.MethodAspect.around(MethodAspect.java:66)
	at sun.reflect.NativeMethodAccessorImpl.invoke0(Native Method)
	at sun.reflect.NativeMethodAccessorImpl.invoke(NativeMethodAccessorImpl.java:62)
	at sun.reflect.DelegatingMethodAccessorImpl.invoke(DelegatingMethodAccessorImpl.java:43)
	at java.lang.reflect.Method.invoke(Method.java:498)
	at org.springframework.aop.aspectj.AbstractAspectJAdvice.invokeAdviceMethodWithGivenArgs(AbstractAspectJAdvice.java:629)
	at org.springframework.aop.aspectj.AbstractAspectJAdvice.invokeAdviceMethod(AbstractAspectJAdvice.java:618)
	at org.springframework.aop.aspectj.AspectJAroundAdvice.invoke(AspectJAroundAdvice.java:70)
	at org.springframework.aop.framework.ReflectiveMethodInvocation.proceed(ReflectiveMethodInvocation.java:179)
	at org.springframework.aop.interceptor.ExposeInvocationInterceptor.invoke(ExposeInvocationInterceptor.java:92)
	at org.springframework.aop.framework.ReflectiveMethodInvocation.proceed(ReflectiveMethodInvocation.java:179)
	at org.springframework.aop.framework.CglibAopProxy$DynamicAdvisedInterceptor.intercept(CglibAopProxy.java:673)
	at com.example.controller.UserController$$EnhancerBySpringCGLIB$$625681ec.getUser(<generated>)
	at sun.reflect.NativeMethodAccessorImpl.invoke0(Native Method)
	at sun.reflect.NativeMethodAccessorImpl.invoke(NativeMethodAccessorImpl.java:62)
	at sun.reflect.DelegatingMethodAccessorImpl.invoke(DelegatingMethodAccessorImpl.java:43)
	at java.lang.reflect.Method.invoke(Method.java:498)
	at org.springframework.web.method.support.InvocableHandlerMethod.doInvoke(InvocableHandlerMethod.java:205)
	at org.springframework.web.method.support.InvocableHandlerMethod.invokeForRequest(InvocableHandlerMethod.java:133)
	at org.springframework.web.servlet.mvc.method.annotation.ServletInvocableHandlerMethod.invokeAndHandle(ServletInvocableHandlerMethod.java:97)
	at org.springframework.web.servlet.mvc.method.annotation.RequestMappingHandlerAdapter.invokeHandlerMethod(RequestMappingHandlerAdapter.java:827)
	at org.springframework.web.servlet.mvc.method.annotation.RequestMappingHandlerAdapter.handleInternal(RequestMappingHandlerAdapter.java:738)
	at org.springframework.web.servlet.mvc.method.AbstractHandlerMethodAdapter.handle(AbstractHandlerMethodAdapter.java:85)
	at org.springframework.web.servlet.DispatcherServlet.doDispatch(DispatcherServlet.java:967)
	at org.springframework.web.servlet.DispatcherServlet.doService(DispatcherServlet.java:901)
	at org.springframework.web.servlet.FrameworkServlet.processRequest(FrameworkServlet.java:970)
	at org.springframework.web.servlet.FrameworkServlet.doGet(FrameworkServlet.java:861)
	at javax.servlet.http.HttpServlet.service(HttpServlet.java:635)
	at org.springframework.web.servlet.FrameworkServlet.service(FrameworkServlet.java:846)
	at org.springframework.test.web.servlet.TestDispatcherServlet.service(TestDispatcherServlet.java:65)
	at javax.servlet.http.HttpServlet.service(HttpServlet.java:742)
	at org.springframework.mock.web.MockFilterChain$ServletFilterProxy.doFilter(MockFilterChain.java:160)
	at org.springframework.mock.web.MockFilterChain.doFilter(MockFilterChain.java:127)
	at org.springframework.test.web.servlet.MockMvc.perform(MockMvc.java:155)
	at com.example.test.BaseTest.excute(BaseTest.java:104)
	at com.example.controller.TestUserController.testGet(TestUserController.java:26)
	at sun.reflect.NativeMethodAccessorImpl.invoke0(Native Method)
	at sun.reflect.NativeMethodAccessorImpl.invoke(NativeMethodAccessorImpl.java:62)
	at sun.reflect.DelegatingMethodAccessorImpl.invoke(DelegatingMethodAccessorImpl.java:43)
	at java.lang.reflect.Method.invoke(Method.java:498)
	at org.junit.runners.model.FrameworkMethod$1.runReflectiveCall(FrameworkMethod.java:50)
	at org.junit.internal.runners.model.ReflectiveCallable.run(ReflectiveCallable.java:12)
	at org.junit.runners.model.FrameworkMethod.invokeExplosively(FrameworkMethod.java:47)
	at org.junit.internal.runners.statements.InvokeMethod.evaluate(InvokeMethod.java:17)
	at org.junit.internal.runners.statements.RunBefores.evaluate(RunBefores.java:26)
	at org.springframework.test.context.junit4.statements.RunBeforeTestMethodCallbacks.evaluate(RunBeforeTestMethodCallbacks.java:75)
	at org.junit.internal.runners.statements.RunAfters.evaluate(RunAfters.java:27)
	at org.springframework.test.context.junit4.statements.RunAfterTestMethodCallbacks.evaluate(RunAfterTestMethodCallbacks.java:86)
	at org.springframework.test.context.junit4.statements.SpringRepeat.evaluate(SpringRepeat.java:84)
	at org.junit.runners.ParentRunner.runLeaf(ParentRunner.java:325)
	at org.springframework.test.context.junit4.SpringJUnit4ClassRunner.runChild(SpringJUnit4ClassRunner.java:252)
	at org.springframework.test.context.junit4.SpringJUnit4ClassRunner.runChild(SpringJUnit4ClassRunner.java:94)
	at org.junit.runners.ParentRunner$3.run(ParentRunner.java:290)
	at org.junit.runners.ParentRunner$1.schedule(ParentRunner.java:71)
	at org.junit.runners.ParentRunner.runChildren(ParentRunner.java:288)
	at org.junit.runners.ParentRunner.access$000(ParentRunner.java:58)
	at org.junit.runners.ParentRunner$2.evaluate(ParentRunner.java:268)
	at org.springframework.test.context.junit4.statements.RunBeforeTestClassCallbacks.evaluate(RunBeforeTestClassCallbacks.java:61)
	at org.springframework.test.context.junit4.statements.RunAfterTestClassCallbacks.evaluate(RunAfterTestClassCallbacks.java:70)
	at org.junit.runners.ParentRunner.run(ParentRunner.java:363)
	at org.springframework.test.context.junit4.SpringJUnit4ClassRunner.run(SpringJUnit4ClassRunner.java:191)
	at org.junit.runner.JUnitCore.run(JUnitCore.java:137)
	at com.intellij.junit4.JUnit4IdeaTestRunner.startRunnerWithArgs(JUnit4IdeaTestRunner.java:68)
	at com.intellij.rt.execution.junit.IdeaTestRunner$Repeater.startRunnerWithArgs(IdeaTestRunner.java:47)
	at com.intellij.rt.execution.junit.JUnitStarter.prepareStreamsAndStart(JUnitStarter.java:242)
	at com.intellij.rt.execution.junit.JUnitStarter.main(JUnitStarter.java:70)
Caused by: com.mysql.cj.core.exceptions.CJCommunicationsException: Communications link failure

The last packet sent successfully to the server was 0 milliseconds ago. The driver has not received any packets from the server.
	at sun.reflect.NativeConstructorAccessorImpl.newInstance0(Native Method)
	at sun.reflect.NativeConstructorAccessorImpl.newInstance(NativeConstructorAccessorImpl.java:62)
	at sun.reflect.DelegatingConstructorAccessorImpl.newInstance(DelegatingConstructorAccessorImpl.java:45)
	at java.lang.reflect.Constructor.newInstance(Constructor.java:423)
	at com.mysql.cj.core.exceptions.ExceptionFactory.createException(ExceptionFactory.java:54)
	at com.mysql.cj.core.exceptions.ExceptionFactory.createException(ExceptionFactory.java:93)
	at com.mysql.cj.core.exceptions.ExceptionFactory.createException(ExceptionFactory.java:133)
	at com.mysql.cj.core.exceptions.ExceptionFactory.createCommunicationsException(ExceptionFactory.java:149)
	at com.mysql.cj.mysqla.io.MysqlaSocketConnection.connect(MysqlaSocketConnection.java:83)
	at com.mysql.cj.mysqla.MysqlaSession.connect(MysqlaSession.java:122)
	at com.mysql.cj.jdbc.ConnectionImpl.connectOneTryOnly(ConnectionImpl.java:1726)
	at com.mysql.cj.jdbc.ConnectionImpl.createNewIO(ConnectionImpl.java:1596)
	... 92 common frames omitted
Caused by: java.net.ConnectException: Connection refused (Connection refused)
	at java.net.PlainSocketImpl.socketConnect(Native Method)
	at java.net.AbstractPlainSocketImpl.doConnect(AbstractPlainSocketImpl.java:350)
	at java.net.AbstractPlainSocketImpl.connectToAddress(AbstractPlainSocketImpl.java:206)
	at java.net.AbstractPlainSocketImpl.connect(AbstractPlainSocketImpl.java:188)
	at java.net.SocksSocketImpl.connect(SocksSocketImpl.java:392)
	at java.net.Socket.connect(Socket.java:589)
	at com.mysql.cj.core.io.StandardSocketFactory.connect(StandardSocketFactory.java:202)
	at com.mysql.cj.mysqla.io.MysqlaSocketConnection.connect(MysqlaSocketConnection.java:57)
	... 95 common frames omitted
2018-01-29 20:24:19,700 | ERROR [main] com.example.component.MethodAspect [73] -| 调用方法异常： 
org.springframework.transaction.CannotCreateTransactionException: Could not open JDBC Connection for transaction; nested exception is com.mysql.cj.jdbc.exceptions.CommunicationsException: Communications link failure

The last packet sent successfully to the server was 0 milliseconds ago. The driver has not received any packets from the server.
	at org.springframework.jdbc.datasource.DataSourceTransactionManager.doBegin(DataSourceTransactionManager.java:289)
	at org.springframework.transaction.support.AbstractPlatformTransactionManager.getTransaction(AbstractPlatformTransactionManager.java:373)
	at org.springframework.transaction.interceptor.TransactionAspectSupport.createTransactionIfNecessary(TransactionAspectSupport.java:447)
	at org.springframework.transaction.interceptor.TransactionAspectSupport.invokeWithinTransaction(TransactionAspectSupport.java:277)
	at org.springframework.transaction.interceptor.TransactionInterceptor.invoke(TransactionInterceptor.java:96)
	at org.springframework.aop.framework.ReflectiveMethodInvocation.proceed(ReflectiveMethodInvocation.java:179)
	at org.springframework.aop.framework.CglibAopProxy$DynamicAdvisedInterceptor.intercept(CglibAopProxy.java:673)
	at com.example.service.impl.UserServiceImpl$$EnhancerBySpringCGLIB$$c471b7b1.getUser(<generated>)
	at com.example.controller.UserController.getUser(UserController.java:44)
	at com.example.controller.UserController$$FastClassBySpringCGLIB$$8f8c4dc8.invoke(<generated>)
	at org.springframework.cglib.proxy.MethodProxy.invoke(MethodProxy.java:204)
	at org.springframework.aop.framework.CglibAopProxy$CglibMethodInvocation.invokeJoinpoint(CglibAopProxy.java:738)
	at org.springframework.aop.framework.ReflectiveMethodInvocation.proceed(ReflectiveMethodInvocation.java:157)
	at org.springframework.aop.aspectj.MethodInvocationProceedingJoinPoint.proceed(MethodInvocationProceedingJoinPoint.java:85)
	at com.example.component.MethodAspect.around(MethodAspect.java:66)
	at sun.reflect.NativeMethodAccessorImpl.invoke0(Native Method)
	at sun.reflect.NativeMethodAccessorImpl.invoke(NativeMethodAccessorImpl.java:62)
	at sun.reflect.DelegatingMethodAccessorImpl.invoke(DelegatingMethodAccessorImpl.java:43)
	at java.lang.reflect.Method.invoke(Method.java:498)
	at org.springframework.aop.aspectj.AbstractAspectJAdvice.invokeAdviceMethodWithGivenArgs(AbstractAspectJAdvice.java:629)
	at org.springframework.aop.aspectj.AbstractAspectJAdvice.invokeAdviceMethod(AbstractAspectJAdvice.java:618)
	at org.springframework.aop.aspectj.AspectJAroundAdvice.invoke(AspectJAroundAdvice.java:70)
	at org.springframework.aop.framework.ReflectiveMethodInvocation.proceed(ReflectiveMethodInvocation.java:179)
	at org.springframework.aop.interceptor.ExposeInvocationInterceptor.invoke(ExposeInvocationInterceptor.java:92)
	at org.springframework.aop.framework.ReflectiveMethodInvocation.proceed(ReflectiveMethodInvocation.java:179)
	at org.springframework.aop.framework.CglibAopProxy$DynamicAdvisedInterceptor.intercept(CglibAopProxy.java:673)
	at com.example.controller.UserController$$EnhancerBySpringCGLIB$$625681ec.getUser(<generated>)
	at sun.reflect.NativeMethodAccessorImpl.invoke0(Native Method)
	at sun.reflect.NativeMethodAccessorImpl.invoke(NativeMethodAccessorImpl.java:62)
	at sun.reflect.DelegatingMethodAccessorImpl.invoke(DelegatingMethodAccessorImpl.java:43)
	at java.lang.reflect.Method.invoke(Method.java:498)
	at org.springframework.web.method.support.InvocableHandlerMethod.doInvoke(InvocableHandlerMethod.java:205)
	at org.springframework.web.method.support.InvocableHandlerMethod.invokeForRequest(InvocableHandlerMethod.java:133)
	at org.springframework.web.servlet.mvc.method.annotation.ServletInvocableHandlerMethod.invokeAndHandle(ServletInvocableHandlerMethod.java:97)
	at org.springframework.web.servlet.mvc.method.annotation.RequestMappingHandlerAdapter.invokeHandlerMethod(RequestMappingHandlerAdapter.java:827)
	at org.springframework.web.servlet.mvc.method.annotation.RequestMappingHandlerAdapter.handleInternal(RequestMappingHandlerAdapter.java:738)
	at org.springframework.web.servlet.mvc.method.AbstractHandlerMethodAdapter.handle(AbstractHandlerMethodAdapter.java:85)
	at org.springframework.web.servlet.DispatcherServlet.doDispatch(DispatcherServlet.java:967)
	at org.springframework.web.servlet.DispatcherServlet.doService(DispatcherServlet.java:901)
	at org.springframework.web.servlet.FrameworkServlet.processRequest(FrameworkServlet.java:970)
	at org.springframework.web.servlet.FrameworkServlet.doGet(FrameworkServlet.java:861)
	at javax.servlet.http.HttpServlet.service(HttpServlet.java:635)
	at org.springframework.web.servlet.FrameworkServlet.service(FrameworkServlet.java:846)
	at org.springframework.test.web.servlet.TestDispatcherServlet.service(TestDispatcherServlet.java:65)
	at javax.servlet.http.HttpServlet.service(HttpServlet.java:742)
	at org.springframework.mock.web.MockFilterChain$ServletFilterProxy.doFilter(MockFilterChain.java:160)
	at org.springframework.mock.web.MockFilterChain.doFilter(MockFilterChain.java:127)
	at org.springframework.test.web.servlet.MockMvc.perform(MockMvc.java:155)
	at com.example.test.BaseTest.excute(BaseTest.java:104)
	at com.example.controller.TestUserController.testGet(TestUserController.java:26)
	at sun.reflect.NativeMethodAccessorImpl.invoke0(Native Method)
	at sun.reflect.NativeMethodAccessorImpl.invoke(NativeMethodAccessorImpl.java:62)
	at sun.reflect.DelegatingMethodAccessorImpl.invoke(DelegatingMethodAccessorImpl.java:43)
	at java.lang.reflect.Method.invoke(Method.java:498)
	at org.junit.runners.model.FrameworkMethod$1.runReflectiveCall(FrameworkMethod.java:50)
	at org.junit.internal.runners.model.ReflectiveCallable.run(ReflectiveCallable.java:12)
	at org.junit.runners.model.FrameworkMethod.invokeExplosively(FrameworkMethod.java:47)
	at org.junit.internal.runners.statements.InvokeMethod.evaluate(InvokeMethod.java:17)
	at org.junit.internal.runners.statements.RunBefores.evaluate(RunBefores.java:26)
	at org.springframework.test.context.junit4.statements.RunBeforeTestMethodCallbacks.evaluate(RunBeforeTestMethodCallbacks.java:75)
	at org.junit.internal.runners.statements.RunAfters.evaluate(RunAfters.java:27)
	at org.springframework.test.context.junit4.statements.RunAfterTestMethodCallbacks.evaluate(RunAfterTestMethodCallbacks.java:86)
	at org.springframework.test.context.junit4.statements.SpringRepeat.evaluate(SpringRepeat.java:84)
	at org.junit.runners.ParentRunner.runLeaf(ParentRunner.java:325)
	at org.springframework.test.context.junit4.SpringJUnit4ClassRunner.runChild(SpringJUnit4ClassRunner.java:252)
	at org.springframework.test.context.junit4.SpringJUnit4ClassRunner.runChild(SpringJUnit4ClassRunner.java:94)
	at org.junit.runners.ParentRunner$3.run(ParentRunner.java:290)
	at org.junit.runners.ParentRunner$1.schedule(ParentRunner.java:71)
	at org.junit.runners.ParentRunner.runChildren(ParentRunner.java:288)
	at org.junit.runners.ParentRunner.access$000(ParentRunner.java:58)
	at org.junit.runners.ParentRunner$2.evaluate(ParentRunner.java:268)
	at org.springframework.test.context.junit4.statements.RunBeforeTestClassCallbacks.evaluate(RunBeforeTestClassCallbacks.java:61)
	at org.springframework.test.context.junit4.statements.RunAfterTestClassCallbacks.evaluate(RunAfterTestClassCallbacks.java:70)
	at org.junit.runners.ParentRunner.run(ParentRunner.java:363)
	at org.springframework.test.context.junit4.SpringJUnit4ClassRunner.run(SpringJUnit4ClassRunner.java:191)
	at org.junit.runner.JUnitCore.run(JUnitCore.java:137)
	at com.intellij.junit4.JUnit4IdeaTestRunner.startRunnerWithArgs(JUnit4IdeaTestRunner.java:68)
	at com.intellij.rt.execution.junit.IdeaTestRunner$Repeater.startRunnerWithArgs(IdeaTestRunner.java:47)
	at com.intellij.rt.execution.junit.JUnitStarter.prepareStreamsAndStart(JUnitStarter.java:242)
	at com.intellij.rt.execution.junit.JUnitStarter.main(JUnitStarter.java:70)
Caused by: com.mysql.cj.jdbc.exceptions.CommunicationsException: Communications link failure

The last packet sent successfully to the server was 0 milliseconds ago. The driver has not received any packets from the server.
	at com.mysql.cj.jdbc.exceptions.SQLError.createCommunicationsException(SQLError.java:590)
	at com.mysql.cj.jdbc.exceptions.SQLExceptionsMapping.translateException(SQLExceptionsMapping.java:57)
	at com.mysql.cj.jdbc.ConnectionImpl.createNewIO(ConnectionImpl.java:1606)
	at com.mysql.cj.jdbc.ConnectionImpl.<init>(ConnectionImpl.java:633)
	at com.mysql.cj.jdbc.ConnectionImpl.getInstance(ConnectionImpl.java:347)
	at com.mysql.cj.jdbc.NonRegisteringDriver.connect(NonRegisteringDriver.java:219)
	at org.apache.tomcat.jdbc.pool.PooledConnection.connectUsingDriver(PooledConnection.java:310)
	at org.apache.tomcat.jdbc.pool.PooledConnection.connect(PooledConnection.java:203)
	at org.apache.tomcat.jdbc.pool.ConnectionPool.createConnection(ConnectionPool.java:735)
	at org.apache.tomcat.jdbc.pool.ConnectionPool.borrowConnection(ConnectionPool.java:667)
	at org.apache.tomcat.jdbc.pool.ConnectionPool.init(ConnectionPool.java:482)
	at org.apache.tomcat.jdbc.pool.ConnectionPool.<init>(ConnectionPool.java:154)
	at org.apache.tomcat.jdbc.pool.DataSourceProxy.pCreatePool(DataSourceProxy.java:118)
	at org.apache.tomcat.jdbc.pool.DataSourceProxy.createPool(DataSourceProxy.java:107)
	at org.apache.tomcat.jdbc.pool.DataSourceProxy.getConnection(DataSourceProxy.java:131)
	at org.springframework.jdbc.datasource.DataSourceTransactionManager.doBegin(DataSourceTransactionManager.java:246)
	... 79 common frames omitted
Caused by: com.mysql.cj.core.exceptions.CJCommunicationsException: Communications link failure

The last packet sent successfully to the server was 0 milliseconds ago. The driver has not received any packets from the server.
	at sun.reflect.NativeConstructorAccessorImpl.newInstance0(Native Method)
	at sun.reflect.NativeConstructorAccessorImpl.newInstance(NativeConstructorAccessorImpl.java:62)
	at sun.reflect.DelegatingConstructorAccessorImpl.newInstance(DelegatingConstructorAccessorImpl.java:45)
	at java.lang.reflect.Constructor.newInstance(Constructor.java:423)
	at com.mysql.cj.core.exceptions.ExceptionFactory.createException(ExceptionFactory.java:54)
	at com.mysql.cj.core.exceptions.ExceptionFactory.createException(ExceptionFactory.java:93)
	at com.mysql.cj.core.exceptions.ExceptionFactory.createException(ExceptionFactory.java:133)
	at com.mysql.cj.core.exceptions.ExceptionFactory.createCommunicationsException(ExceptionFactory.java:149)
	at com.mysql.cj.mysqla.io.MysqlaSocketConnection.connect(MysqlaSocketConnection.java:83)
	at com.mysql.cj.mysqla.MysqlaSession.connect(MysqlaSession.java:122)
	at com.mysql.cj.jdbc.ConnectionImpl.connectOneTryOnly(ConnectionImpl.java:1726)
	at com.mysql.cj.jdbc.ConnectionImpl.createNewIO(ConnectionImpl.java:1596)
	... 92 common frames omitted
Caused by: java.net.ConnectException: Connection refused (Connection refused)
	at java.net.PlainSocketImpl.socketConnect(Native Method)
	at java.net.AbstractPlainSocketImpl.doConnect(AbstractPlainSocketImpl.java:350)
	at java.net.AbstractPlainSocketImpl.connectToAddress(AbstractPlainSocketImpl.java:206)
	at java.net.AbstractPlainSocketImpl.connect(AbstractPlainSocketImpl.java:188)
	at java.net.SocksSocketImpl.connect(SocksSocketImpl.java:392)
	at java.net.Socket.connect(Socket.java:589)
	at com.mysql.cj.core.io.StandardSocketFactory.connect(StandardSocketFactory.java:202)
	at com.mysql.cj.mysqla.io.MysqlaSocketConnection.connect(MysqlaSocketConnection.java:57)
	... 95 common frames omitted
2018-01-29 20:24:19,716 | ERROR [main] com.example.test.BaseTest [115] -| 测试接口异常： 
org.springframework.web.util.NestedServletException: Request processing failed; nested exception is java.lang.reflect.UndeclaredThrowableException
	at org.springframework.web.servlet.FrameworkServlet.processRequest(FrameworkServlet.java:982)
	at org.springframework.web.servlet.FrameworkServlet.doGet(FrameworkServlet.java:861)
	at javax.servlet.http.HttpServlet.service(HttpServlet.java:635)
	at org.springframework.web.servlet.FrameworkServlet.service(FrameworkServlet.java:846)
	at org.springframework.test.web.servlet.TestDispatcherServlet.service(TestDispatcherServlet.java:65)
	at javax.servlet.http.HttpServlet.service(HttpServlet.java:742)
	at org.springframework.mock.web.MockFilterChain$ServletFilterProxy.doFilter(MockFilterChain.java:160)
	at org.springframework.mock.web.MockFilterChain.doFilter(MockFilterChain.java:127)
	at org.springframework.test.web.servlet.MockMvc.perform(MockMvc.java:155)
	at com.example.test.BaseTest.excute(BaseTest.java:104)
	at com.example.controller.TestUserController.testGet(TestUserController.java:26)
	at sun.reflect.NativeMethodAccessorImpl.invoke0(Native Method)
	at sun.reflect.NativeMethodAccessorImpl.invoke(NativeMethodAccessorImpl.java:62)
	at sun.reflect.DelegatingMethodAccessorImpl.invoke(DelegatingMethodAccessorImpl.java:43)
	at java.lang.reflect.Method.invoke(Method.java:498)
	at org.junit.runners.model.FrameworkMethod$1.runReflectiveCall(FrameworkMethod.java:50)
	at org.junit.internal.runners.model.ReflectiveCallable.run(ReflectiveCallable.java:12)
	at org.junit.runners.model.FrameworkMethod.invokeExplosively(FrameworkMethod.java:47)
	at org.junit.internal.runners.statements.InvokeMethod.evaluate(InvokeMethod.java:17)
	at org.junit.internal.runners.statements.RunBefores.evaluate(RunBefores.java:26)
	at org.springframework.test.context.junit4.statements.RunBeforeTestMethodCallbacks.evaluate(RunBeforeTestMethodCallbacks.java:75)
	at org.junit.internal.runners.statements.RunAfters.evaluate(RunAfters.java:27)
	at org.springframework.test.context.junit4.statements.RunAfterTestMethodCallbacks.evaluate(RunAfterTestMethodCallbacks.java:86)
	at org.springframework.test.context.junit4.statements.SpringRepeat.evaluate(SpringRepeat.java:84)
	at org.junit.runners.ParentRunner.runLeaf(ParentRunner.java:325)
	at org.springframework.test.context.junit4.SpringJUnit4ClassRunner.runChild(SpringJUnit4ClassRunner.java:252)
	at org.springframework.test.context.junit4.SpringJUnit4ClassRunner.runChild(SpringJUnit4ClassRunner.java:94)
	at org.junit.runners.ParentRunner$3.run(ParentRunner.java:290)
	at org.junit.runners.ParentRunner$1.schedule(ParentRunner.java:71)
	at org.junit.runners.ParentRunner.runChildren(ParentRunner.java:288)
	at org.junit.runners.ParentRunner.access$000(ParentRunner.java:58)
	at org.junit.runners.ParentRunner$2.evaluate(ParentRunner.java:268)
	at org.springframework.test.context.junit4.statements.RunBeforeTestClassCallbacks.evaluate(RunBeforeTestClassCallbacks.java:61)
	at org.springframework.test.context.junit4.statements.RunAfterTestClassCallbacks.evaluate(RunAfterTestClassCallbacks.java:70)
	at org.junit.runners.ParentRunner.run(ParentRunner.java:363)
	at org.springframework.test.context.junit4.SpringJUnit4ClassRunner.run(SpringJUnit4ClassRunner.java:191)
	at org.junit.runner.JUnitCore.run(JUnitCore.java:137)
	at com.intellij.junit4.JUnit4IdeaTestRunner.startRunnerWithArgs(JUnit4IdeaTestRunner.java:68)
	at com.intellij.rt.execution.junit.IdeaTestRunner$Repeater.startRunnerWithArgs(IdeaTestRunner.java:47)
	at com.intellij.rt.execution.junit.JUnitStarter.prepareStreamsAndStart(JUnitStarter.java:242)
	at com.intellij.rt.execution.junit.JUnitStarter.main(JUnitStarter.java:70)
Caused by: java.lang.reflect.UndeclaredThrowableException: null
	at com.example.controller.UserController$$EnhancerBySpringCGLIB$$625681ec.getUser(<generated>)
	at sun.reflect.NativeMethodAccessorImpl.invoke0(Native Method)
	at sun.reflect.NativeMethodAccessorImpl.invoke(NativeMethodAccessorImpl.java:62)
	at sun.reflect.DelegatingMethodAccessorImpl.invoke(DelegatingMethodAccessorImpl.java:43)
	at java.lang.reflect.Method.invoke(Method.java:498)
	at org.springframework.web.method.support.InvocableHandlerMethod.doInvoke(InvocableHandlerMethod.java:205)
	at org.springframework.web.method.support.InvocableHandlerMethod.invokeForRequest(InvocableHandlerMethod.java:133)
	at org.springframework.web.servlet.mvc.method.annotation.ServletInvocableHandlerMethod.invokeAndHandle(ServletInvocableHandlerMethod.java:97)
	at org.springframework.web.servlet.mvc.method.annotation.RequestMappingHandlerAdapter.invokeHandlerMethod(RequestMappingHandlerAdapter.java:827)
	at org.springframework.web.servlet.mvc.method.annotation.RequestMappingHandlerAdapter.handleInternal(RequestMappingHandlerAdapter.java:738)
	at org.springframework.web.servlet.mvc.method.AbstractHandlerMethodAdapter.handle(AbstractHandlerMethodAdapter.java:85)
	at org.springframework.web.servlet.DispatcherServlet.doDispatch(DispatcherServlet.java:967)
	at org.springframework.web.servlet.DispatcherServlet.doService(DispatcherServlet.java:901)
	at org.springframework.web.servlet.FrameworkServlet.processRequest(FrameworkServlet.java:970)
	... 40 common frames omitted
Caused by: java.lang.Throwable: 调用方法异常：
	at com.example.component.MethodAspect.around(MethodAspect.java:74)
	at sun.reflect.NativeMethodAccessorImpl.invoke0(Native Method)
	at sun.reflect.NativeMethodAccessorImpl.invoke(NativeMethodAccessorImpl.java:62)
	at sun.reflect.DelegatingMethodAccessorImpl.invoke(DelegatingMethodAccessorImpl.java:43)
	at java.lang.reflect.Method.invoke(Method.java:498)
	at org.springframework.aop.aspectj.AbstractAspectJAdvice.invokeAdviceMethodWithGivenArgs(AbstractAspectJAdvice.java:629)
	at org.springframework.aop.aspectj.AbstractAspectJAdvice.invokeAdviceMethod(AbstractAspectJAdvice.java:618)
	at org.springframework.aop.aspectj.AspectJAroundAdvice.invoke(AspectJAroundAdvice.java:70)
	at org.springframework.aop.framework.ReflectiveMethodInvocation.proceed(ReflectiveMethodInvocation.java:179)
	at org.springframework.aop.interceptor.ExposeInvocationInterceptor.invoke(ExposeInvocationInterceptor.java:92)
	at org.springframework.aop.framework.ReflectiveMethodInvocation.proceed(ReflectiveMethodInvocation.java:179)
	at org.springframework.aop.framework.CglibAopProxy$DynamicAdvisedInterceptor.intercept(CglibAopProxy.java:673)
	... 54 common frames omitted
Caused by: org.springframework.transaction.CannotCreateTransactionException: Could not open JDBC Connection for transaction; nested exception is com.mysql.cj.jdbc.exceptions.CommunicationsException: Communications link failure

The last packet sent successfully to the server was 0 milliseconds ago. The driver has not received any packets from the server.
	at org.springframework.jdbc.datasource.DataSourceTransactionManager.doBegin(DataSourceTransactionManager.java:289)
	at org.springframework.transaction.support.AbstractPlatformTransactionManager.getTransaction(AbstractPlatformTransactionManager.java:373)
	at org.springframework.transaction.interceptor.TransactionAspectSupport.createTransactionIfNecessary(TransactionAspectSupport.java:447)
	at org.springframework.transaction.interceptor.TransactionAspectSupport.invokeWithinTransaction(TransactionAspectSupport.java:277)
	at org.springframework.transaction.interceptor.TransactionInterceptor.invoke(TransactionInterceptor.java:96)
	at org.springframework.aop.framework.ReflectiveMethodInvocation.proceed(ReflectiveMethodInvocation.java:179)
	at org.springframework.aop.framework.CglibAopProxy$DynamicAdvisedInterceptor.intercept(CglibAopProxy.java:673)
	at com.example.service.impl.UserServiceImpl$$EnhancerBySpringCGLIB$$c471b7b1.getUser(<generated>)
	at com.example.controller.UserController.getUser(UserController.java:44)
	at com.example.controller.UserController$$FastClassBySpringCGLIB$$8f8c4dc8.invoke(<generated>)
	at org.springframework.cglib.proxy.MethodProxy.invoke(MethodProxy.java:204)
	at org.springframework.aop.framework.CglibAopProxy$CglibMethodInvocation.invokeJoinpoint(CglibAopProxy.java:738)
	at org.springframework.aop.framework.ReflectiveMethodInvocation.proceed(ReflectiveMethodInvocation.java:157)
	at org.springframework.aop.aspectj.MethodInvocationProceedingJoinPoint.proceed(MethodInvocationProceedingJoinPoint.java:85)
	at com.example.component.MethodAspect.around(MethodAspect.java:66)
	... 65 common frames omitted
Caused by: com.mysql.cj.jdbc.exceptions.CommunicationsException: Communications link failure

The last packet sent successfully to the server was 0 milliseconds ago. The driver has not received any packets from the server.
	at com.mysql.cj.jdbc.exceptions.SQLError.createCommunicationsException(SQLError.java:590)
	at com.mysql.cj.jdbc.exceptions.SQLExceptionsMapping.translateException(SQLExceptionsMapping.java:57)
	at com.mysql.cj.jdbc.ConnectionImpl.createNewIO(ConnectionImpl.java:1606)
	at com.mysql.cj.jdbc.ConnectionImpl.<init>(ConnectionImpl.java:633)
	at com.mysql.cj.jdbc.ConnectionImpl.getInstance(ConnectionImpl.java:347)
	at com.mysql.cj.jdbc.NonRegisteringDriver.connect(NonRegisteringDriver.java:219)
	at org.apache.tomcat.jdbc.pool.PooledConnection.connectUsingDriver(PooledConnection.java:310)
	at org.apache.tomcat.jdbc.pool.PooledConnection.connect(PooledConnection.java:203)
	at org.apache.tomcat.jdbc.pool.ConnectionPool.createConnection(ConnectionPool.java:735)
	at org.apache.tomcat.jdbc.pool.ConnectionPool.borrowConnection(ConnectionPool.java:667)
	at org.apache.tomcat.jdbc.pool.ConnectionPool.init(ConnectionPool.java:482)
	at org.apache.tomcat.jdbc.pool.ConnectionPool.<init>(ConnectionPool.java:154)
	at org.apache.tomcat.jdbc.pool.DataSourceProxy.pCreatePool(DataSourceProxy.java:118)
	at org.apache.tomcat.jdbc.pool.DataSourceProxy.createPool(DataSourceProxy.java:107)
	at org.apache.tomcat.jdbc.pool.DataSourceProxy.getConnection(DataSourceProxy.java:131)
	at org.springframework.jdbc.datasource.DataSourceTransactionManager.doBegin(DataSourceTransactionManager.java:246)
	... 79 common frames omitted
Caused by: com.mysql.cj.core.exceptions.CJCommunicationsException: Communications link failure

The last packet sent successfully to the server was 0 milliseconds ago. The driver has not received any packets from the server.
	at sun.reflect.NativeConstructorAccessorImpl.newInstance0(Native Method)
	at sun.reflect.NativeConstructorAccessorImpl.newInstance(NativeConstructorAccessorImpl.java:62)
	at sun.reflect.DelegatingConstructorAccessorImpl.newInstance(DelegatingConstructorAccessorImpl.java:45)
	at java.lang.reflect.Constructor.newInstance(Constructor.java:423)
	at com.mysql.cj.core.exceptions.ExceptionFactory.createException(ExceptionFactory.java:54)
	at com.mysql.cj.core.exceptions.ExceptionFactory.createException(ExceptionFactory.java:93)
	at com.mysql.cj.core.exceptions.ExceptionFactory.createException(ExceptionFactory.java:133)
	at com.mysql.cj.core.exceptions.ExceptionFactory.createCommunicationsException(ExceptionFactory.java:149)
	at com.mysql.cj.mysqla.io.MysqlaSocketConnection.connect(MysqlaSocketConnection.java:83)
	at com.mysql.cj.mysqla.MysqlaSession.connect(MysqlaSession.java:122)
	at com.mysql.cj.jdbc.ConnectionImpl.connectOneTryOnly(ConnectionImpl.java:1726)
	at com.mysql.cj.jdbc.ConnectionImpl.createNewIO(ConnectionImpl.java:1596)
	... 92 common frames omitted
Caused by: java.net.ConnectException: Connection refused (Connection refused)
	at java.net.PlainSocketImpl.socketConnect(Native Method)
	at java.net.AbstractPlainSocketImpl.doConnect(AbstractPlainSocketImpl.java:350)
	at java.net.AbstractPlainSocketImpl.connectToAddress(AbstractPlainSocketImpl.java:206)
	at java.net.AbstractPlainSocketImpl.connect(AbstractPlainSocketImpl.java:188)
	at java.net.SocksSocketImpl.connect(SocksSocketImpl.java:392)
	at java.net.Socket.connect(Socket.java:589)
	at com.mysql.cj.core.io.StandardSocketFactory.connect(StandardSocketFactory.java:202)
	at com.mysql.cj.mysqla.io.MysqlaSocketConnection.connect(MysqlaSocketConnection.java:57)
	... 95 common frames omitted
2018-01-29 20:24:58,309 | INFO  [main] com.example.controller.TestUserController [48] -| Starting TestUserController on William.local with PID 6685 (started by guxiaqing in /Users/guxiaqing/Documents/ideaDir/demo) 
2018-01-29 20:24:58,333 | INFO  [main] com.example.controller.TestUserController [597] -| The following profiles are active: local 
2018-01-29 20:25:00,853 | INFO  [main] com.example.datasource.MysqlConfig [68] -| 创建 mysql 数据源 
2018-01-29 20:25:01,490 | INFO  [main] com.example.datasource.OracleConfig [66] -| 创建 oracle 数据源 
2018-01-29 20:25:03,460 | INFO  [main] com.example.controller.TestUserController [57] -| Started TestUserController in 6.405 seconds (JVM running for 8.239) 
2018-01-29 20:25:03,539 | INFO  [main] com.example.test.BaseTest [64] -| 端口号:-1 
2018-01-29 20:25:03,540 | INFO  [main] com.example.test.BaseTest [65] -| 当前使用配置文件:/ 
2018-01-29 20:25:03,633 | INFO  [main] com.example.component.MethodAspect [52] -| 请求url: http://127.0.0.1:8081/userController/user/ 
2018-01-29 20:25:03,636 | INFO  [main] com.example.component.MethodAspect [53] -| 方法类型: GET 
2018-01-29 20:25:03,636 | INFO  [main] com.example.component.MethodAspect [54] -| ip: 127.0.0.1 
2018-01-29 20:25:03,637 | INFO  [main] com.example.component.MethodAspect [55] -| 请求方法名: com.example.controller.UserController.getUser 
2018-01-29 20:25:03,639 | INFO  [main] com.example.component.MethodAspect [63] -| 请求入参:  
2018-01-29 20:25:04,496 | INFO  [main] com.example.component.MethodAspect [69] -| 返回值：{"err_info":"查询用户列表成功","err_no":0,"data":[{"id":"1f100f189n1aoo2gl4ho00rxes9149","name":"李四","birthday":"2016-01-01","money":120000.0},{"id":"1fd70x13wad01ftz9x70ph625ugdbj","name":"张三","birthday":"2017-03-14","money":150000.0},{"id":"28s6lkhkhu12f36s8pcy919jv32q56","name":"小伙伴","birthday":"2017-10-09","money":180000.0},{"id":"eaced11h95g1gp0hciymjdoyco6pyt","name":"日了狗了","birthday":"2016-01-01","money":350000.0}]} 
2018-01-29 20:25:04,497 | INFO  [main] com.example.component.MethodAspect [79] -| 程序执行时间：867 
2018-01-29 20:25:04,533 | INFO  [main] com.example.test.BaseTest [111] -| 请求状态: 200 
2018-01-29 20:25:04,534 | INFO  [main] com.example.test.BaseTest [112] -| 返回结果: {"err_info":"查询用户列表成功","err_no":0,"data":[{"id":"1f100f189n1aoo2gl4ho00rxes9149","name":"李四","birthday":"2016-01-01","money":120000.0},{"id":"1fd70x13wad01ftz9x70ph625ugdbj","name":"张三","birthday":"2017-03-14","money":150000.0},{"id":"28s6lkhkhu12f36s8pcy919jv32q56","name":"小伙伴","birthday":"2017-10-09","money":180000.0},{"id":"eaced11h95g1gp0hciymjdoyco6pyt","name":"日了狗了","birthday":"2016-01-01","money":350000.0}]} 
2018-01-29 20:25:43,764 | INFO  [main] com.example.controller.TestUserController [48] -| Starting TestUserController on William.local with PID 6688 (started by guxiaqing in /Users/guxiaqing/Documents/ideaDir/demo) 
2018-01-29 20:25:43,801 | INFO  [main] com.example.controller.TestUserController [597] -| The following profiles are active: local 
2018-01-29 20:25:46,195 | INFO  [main] com.example.datasource.MysqlConfig [68] -| 创建 mysql 数据源 
2018-01-29 20:25:46,782 | INFO  [main] com.example.datasource.OracleConfig [66] -| 创建 oracle 数据源 
2018-01-29 20:25:56,527 | INFO  [restartedMain] com.example.Application [48] -| Starting Application on William.local with PID 6692 (/Users/guxiaqing/Documents/ideaDir/demo/out/production/classes started by guxiaqing in /Users/guxiaqing/Documents/ideaDir/demo) 
2018-01-29 20:25:56,542 | INFO  [restartedMain] com.example.Application [597] -| The following profiles are active: local 
2018-01-29 20:25:58,897 | INFO  [localhost-startStop-1] com.example.component.GlobalListener [34] -| -----------------监听器初始化----------------- 
2018-01-29 20:25:58,899 | INFO  [localhost-startStop-1] com.example.component.GlobalListener [41] -| JDK 版本: 1.8.0_152 
2018-01-29 20:25:58,899 | INFO  [localhost-startStop-1] com.example.component.GlobalListener [42] -| 项目部署路径: /Users/guxiaqing/Documents/ideaDir/demo/ 
2018-01-29 20:25:58,899 | INFO  [localhost-startStop-1] com.example.component.GlobalListener [43] -| 当前操作系统: Mac OS X 10.13.3 
2018-01-29 20:25:58,899 | INFO  [localhost-startStop-1] com.example.component.GlobalListener [44] -| 当前进程号: 6692 
2018-01-29 20:25:58,938 | INFO  [localhost-startStop-1] com.example.component.CrossFilter [51] -| {"filterDef":{"filterClass":"com.example.component.CrossFilter","filterName":"crossFilter","parameters":{},"asyncSupported":"true"}} 
2018-01-29 20:25:58,938 | INFO  [localhost-startStop-1] com.example.component.CrossFilter [52] -| *********************************过滤器初始化************************** 
2018-01-29 20:25:59,009 | INFO  [restartedMain] com.example.datasource.MysqlConfig [68] -| 创建 mysql 数据源 
2018-01-29 20:25:59,406 | INFO  [restartedMain] com.example.datasource.OracleConfig [66] -| 创建 oracle 数据源 
2018-01-29 20:26:00,586 | INFO  [restartedMain] com.example.Application [57] -| Started Application in 4.704 seconds (JVM running for 5.76) 
2018-01-29 20:28:59,882 | INFO  [localhost-startStop-2] com.example.component.CrossFilter [77] -| *********************************过滤器被销毁************************** 
2018-01-29 20:28:59,884 | INFO  [localhost-startStop-2] com.example.component.GlobalListener [51] -| -----------------监听器销毁----------------- 
2018-01-29 20:51:07,292 | INFO  [restartedMain] com.example.Application [48] -| Starting Application on William.local with PID 6819 (/Users/guxiaqing/Documents/ideaDir/demo/out/production/classes started by guxiaqing in /Users/guxiaqing/Documents/ideaDir/demo) 
2018-01-29 20:51:07,314 | INFO  [restartedMain] com.example.Application [597] -| The following profiles are active: local 
2018-01-29 20:51:09,612 | INFO  [localhost-startStop-1] com.example.component.GlobalListener [34] -| -----------------监听器初始化----------------- 
2018-01-29 20:51:09,614 | INFO  [localhost-startStop-1] com.example.component.GlobalListener [41] -| JDK 版本: 1.8.0_152 
2018-01-29 20:51:09,614 | INFO  [localhost-startStop-1] com.example.component.GlobalListener [42] -| 项目部署路径: /Users/guxiaqing/Documents/ideaDir/demo/ 
2018-01-29 20:51:09,614 | INFO  [localhost-startStop-1] com.example.component.GlobalListener [43] -| 当前操作系统: Mac OS X 10.13.3 
2018-01-29 20:51:09,614 | INFO  [localhost-startStop-1] com.example.component.GlobalListener [44] -| 当前进程号: 6819 
2018-01-29 20:51:09,656 | INFO  [localhost-startStop-1] com.example.component.CrossFilter [51] -| {"filterDef":{"filterClass":"com.example.component.CrossFilter","filterName":"crossFilter","parameters":{},"asyncSupported":"true"}} 
2018-01-29 20:51:09,656 | INFO  [localhost-startStop-1] com.example.component.CrossFilter [52] -| *********************************过滤器初始化************************** 
2018-01-29 20:51:09,726 | INFO  [restartedMain] com.example.datasource.MysqlConfig [68] -| 创建 mysql 数据源 
2018-01-29 20:51:10,140 | INFO  [restartedMain] com.example.datasource.OracleConfig [66] -| 创建 oracle 数据源 
2018-01-29 20:51:11,399 | INFO  [restartedMain] com.example.Application [57] -| Started Application in 4.759 seconds (JVM running for 6.128) 
2018-01-29 20:51:12,006 | INFO  [pool-2-thread-1] com.example.component.SchedulingConfig [29] -| getToken定时任务启动 
2018-01-29 20:51:13,003 | INFO  [pool-2-thread-1] com.example.component.SchedulingConfig [29] -| getToken定时任务启动 
2018-01-29 20:51:14,005 | INFO  [pool-2-thread-1] com.example.component.SchedulingConfig [29] -| getToken定时任务启动 
2018-01-29 20:51:15,005 | INFO  [pool-2-thread-1] com.example.component.SchedulingConfig [29] -| getToken定时任务启动 
2018-01-29 20:51:16,004 | INFO  [pool-2-thread-1] com.example.component.SchedulingConfig [29] -| getToken定时任务启动 
2018-01-29 20:51:17,001 | INFO  [pool-2-thread-1] com.example.component.SchedulingConfig [29] -| getToken定时任务启动 
2018-01-29 20:51:18,004 | INFO  [pool-2-thread-1] com.example.component.SchedulingConfig [29] -| getToken定时任务启动 
2018-01-29 20:51:19,005 | INFO  [pool-2-thread-1] com.example.component.SchedulingConfig [29] -| getToken定时任务启动 
2018-01-29 20:51:20,005 | INFO  [pool-2-thread-1] com.example.component.SchedulingConfig [29] -| getToken定时任务启动 
2018-01-29 20:51:21,004 | INFO  [pool-2-thread-1] com.example.component.SchedulingConfig [29] -| getToken定时任务启动 
2018-01-29 20:51:22,006 | INFO  [localhost-startStop-2] com.example.component.CrossFilter [77] -| *********************************过滤器被销毁************************** 
2018-01-29 20:51:22,008 | INFO  [localhost-startStop-2] com.example.component.GlobalListener [51] -| -----------------监听器销毁----------------- 
2018-01-29 20:55:31,138 | INFO  [restartedMain] com.example.Application [48] -| Starting Application on William.local with PID 6835 (/Users/guxiaqing/Documents/ideaDir/demo/out/production/classes started by guxiaqing in /Users/guxiaqing/Documents/ideaDir/demo) 
2018-01-29 20:55:31,158 | INFO  [restartedMain] com.example.Application [597] -| The following profiles are active: local 
2018-01-29 20:55:33,437 | INFO  [localhost-startStop-1] com.example.component.GlobalListener [34] -| -----------------监听器初始化----------------- 
2018-01-29 20:55:33,439 | INFO  [localhost-startStop-1] com.example.component.GlobalListener [41] -| JDK 版本: 1.8.0_152 
2018-01-29 20:55:33,440 | INFO  [localhost-startStop-1] com.example.component.GlobalListener [42] -| 项目部署路径: /Users/guxiaqing/Documents/ideaDir/demo/ 
2018-01-29 20:55:33,440 | INFO  [localhost-startStop-1] com.example.component.GlobalListener [43] -| 当前操作系统: Mac OS X 10.13.3 
2018-01-29 20:55:33,440 | INFO  [localhost-startStop-1] com.example.component.GlobalListener [44] -| 当前进程号: 6835 
2018-01-29 20:55:33,479 | INFO  [localhost-startStop-1] com.example.component.CrossFilter [51] -| {"filterDef":{"filterClass":"com.example.component.CrossFilter","filterName":"crossFilter","parameters":{},"asyncSupported":"true"}} 
2018-01-29 20:55:33,479 | INFO  [localhost-startStop-1] com.example.component.CrossFilter [52] -| *********************************过滤器初始化************************** 
2018-01-29 20:55:33,545 | INFO  [restartedMain] com.example.datasource.MysqlConfig [68] -| 创建 mysql 数据源 
2018-01-29 20:55:33,951 | INFO  [restartedMain] com.example.datasource.OracleConfig [66] -| 创建 oracle 数据源 
2018-01-29 20:55:35,092 | INFO  [restartedMain] com.example.Application [57] -| Started Application in 4.614 seconds (JVM running for 5.837) 
2018-01-29 20:55:36,018 | INFO  [pool-2-thread-1] com.example.component.SchedulingConfig [30] -| 这是一个定时任务: 
2018-01-29 20:55:37,004 | INFO  [pool-2-thread-1] com.example.component.SchedulingConfig [30] -| 这是一个定时任务: 
2018-01-29 20:55:38,004 | INFO  [pool-2-thread-1] com.example.component.SchedulingConfig [30] -| 这是一个定时任务: 
2018-01-29 20:55:39,003 | INFO  [pool-2-thread-1] com.example.component.SchedulingConfig [30] -| 这是一个定时任务: 
2018-01-29 20:55:40,003 | INFO  [pool-2-thread-1] com.example.component.SchedulingConfig [30] -| 这是一个定时任务: 
2018-01-29 20:55:41,004 | INFO  [pool-2-thread-1] com.example.component.SchedulingConfig [30] -| 这是一个定时任务: 
2018-01-29 20:55:41,789 | INFO  [localhost-startStop-1] com.example.component.CrossFilter [77] -| *********************************过滤器被销毁************************** 
2018-01-29 20:55:41,790 | INFO  [localhost-startStop-1] com.example.component.GlobalListener [51] -| -----------------监听器销毁----------------- 
2018-01-29 21:02:12,651 | INFO  [restartedMain] com.example.Application [48] -| Starting Application on William.local with PID 6864 (/Users/guxiaqing/Documents/ideaDir/demo/out/production/classes started by guxiaqing in /Users/guxiaqing/Documents/ideaDir/demo) 
2018-01-29 21:02:12,662 | INFO  [restartedMain] com.example.Application [597] -| The following profiles are active: local 
2018-01-29 21:02:14,673 | INFO  [localhost-startStop-1] com.example.component.GlobalListener [34] -| -----------------监听器初始化----------------- 
2018-01-29 21:02:14,675 | INFO  [localhost-startStop-1] com.example.component.GlobalListener [41] -| JDK 版本: 1.8.0_152 
2018-01-29 21:02:14,675 | INFO  [localhost-startStop-1] com.example.component.GlobalListener [42] -| 项目部署路径: /Users/guxiaqing/Documents/ideaDir/demo/ 
2018-01-29 21:02:14,676 | INFO  [localhost-startStop-1] com.example.component.GlobalListener [43] -| 当前操作系统: Mac OS X 10.13.3 
2018-01-29 21:02:14,676 | INFO  [localhost-startStop-1] com.example.component.GlobalListener [44] -| 当前进程号: 6864 
2018-01-29 21:02:14,707 | INFO  [localhost-startStop-1] com.example.component.CrossFilter [51] -| {"filterDef":{"filterClass":"com.example.component.CrossFilter","filterName":"crossFilter","parameters":{},"asyncSupported":"true"}} 
2018-01-29 21:02:14,707 | INFO  [localhost-startStop-1] com.example.component.CrossFilter [52] -| *********************************过滤器初始化************************** 
2018-01-29 21:02:14,761 | INFO  [restartedMain] com.example.datasource.MysqlConfig [68] -| 创建 mysql 数据源 
2018-01-29 21:02:15,129 | INFO  [restartedMain] com.example.datasource.OracleConfig [66] -| 创建 oracle 数据源 
2018-01-29 21:02:16,233 | INFO  [restartedMain] com.example.Application [57] -| Started Application in 3.986 seconds (JVM running for 4.95) 
2018-01-29 21:02:17,021 | INFO  [pool-2-thread-1] com.example.component.SchedulingConfig [30] -| 这是一个定时任务: 
2018-01-29 21:02:18,005 | INFO  [pool-2-thread-1] com.example.component.SchedulingConfig [30] -| 这是一个定时任务: 
2018-01-29 21:02:19,005 | INFO  [pool-2-thread-1] com.example.component.SchedulingConfig [30] -| 这是一个定时任务: 
2018-01-29 21:02:20,004 | INFO  [pool-2-thread-1] com.example.component.SchedulingConfig [30] -| 这是一个定时任务: 
2018-01-29 21:02:20,225 | INFO  [localhost-startStop-1] com.example.component.CrossFilter [77] -| *********************************过滤器被销毁************************** 
2018-01-29 21:02:20,225 | INFO  [localhost-startStop-1] com.example.component.GlobalListener [51] -| -----------------监听器销毁----------------- 
2018-01-29 21:02:29,363 | INFO  [restartedMain] com.example.Application [48] -| Starting Application on William.local with PID 6867 (/Users/guxiaqing/Documents/ideaDir/demo/out/production/classes started by guxiaqing in /Users/guxiaqing/Documents/ideaDir/demo) 
2018-01-29 21:02:29,385 | INFO  [restartedMain] com.example.Application [597] -| The following profiles are active: local 
2018-01-29 21:02:31,756 | INFO  [localhost-startStop-1] com.example.component.GlobalListener [34] -| -----------------监听器初始化----------------- 
2018-01-29 21:02:31,758 | INFO  [localhost-startStop-1] com.example.component.GlobalListener [41] -| JDK 版本: 1.8.0_152 
2018-01-29 21:02:31,758 | INFO  [localhost-startStop-1] com.example.component.GlobalListener [42] -| 项目部署路径: /Users/guxiaqing/Documents/ideaDir/demo/ 
2018-01-29 21:02:31,759 | INFO  [localhost-startStop-1] com.example.component.GlobalListener [43] -| 当前操作系统: Mac OS X 10.13.3 
2018-01-29 21:02:31,759 | INFO  [localhost-startStop-1] com.example.component.GlobalListener [44] -| 当前进程号: 6867 
2018-01-29 21:02:31,792 | INFO  [localhost-startStop-1] com.example.component.CrossFilter [51] -| {"filterDef":{"filterClass":"com.example.component.CrossFilter","filterName":"crossFilter","parameters":{},"asyncSupported":"true"}} 
2018-01-29 21:02:31,792 | INFO  [localhost-startStop-1] com.example.component.CrossFilter [52] -| *********************************过滤器初始化************************** 
2018-01-29 21:02:31,848 | INFO  [restartedMain] com.example.datasource.MysqlConfig [68] -| 创建 mysql 数据源 
2018-01-29 21:02:32,239 | INFO  [restartedMain] com.example.datasource.OracleConfig [66] -| 创建 oracle 数据源 
2018-01-29 21:02:33,450 | INFO  [restartedMain] com.example.Application [57] -| Started Application in 4.679 seconds (JVM running for 5.716) 
2018-01-29 21:02:34,015 | INFO  [pool-2-thread-1] com.example.component.SchedulingConfig [30] -| 这是一个定时任务: 2018-01-29 21:02:34 
2018-01-29 21:02:35,005 | INFO  [pool-2-thread-1] com.example.component.SchedulingConfig [30] -| 这是一个定时任务: 2018-01-29 21:02:35 
2018-01-29 21:02:36,004 | INFO  [pool-2-thread-1] com.example.component.SchedulingConfig [30] -| 这是一个定时任务: 2018-01-29 21:02:36 
2018-01-29 21:02:37,005 | INFO  [pool-2-thread-1] com.example.component.SchedulingConfig [30] -| 这是一个定时任务: 2018-01-29 21:02:37 
2018-01-29 21:02:38,003 | INFO  [pool-2-thread-1] com.example.component.SchedulingConfig [30] -| 这是一个定时任务: 2018-01-29 21:02:38 
2018-01-29 21:02:39,003 | INFO  [pool-2-thread-1] com.example.component.SchedulingConfig [30] -| 这是一个定时任务: 2018-01-29 21:02:39 
2018-01-29 21:02:40,004 | INFO  [pool-2-thread-1] com.example.component.SchedulingConfig [30] -| 这是一个定时任务: 2018-01-29 21:02:40 
2018-01-29 21:02:41,003 | INFO  [pool-2-thread-1] com.example.component.SchedulingConfig [30] -| 这是一个定时任务: 2018-01-29 21:02:41 
2018-01-29 21:02:42,002 | INFO  [pool-2-thread-1] com.example.component.SchedulingConfig [30] -| 这是一个定时任务: 2018-01-29 21:02:42 
2018-01-29 21:02:43,005 | INFO  [pool-2-thread-1] com.example.component.SchedulingConfig [30] -| 这是一个定时任务: 2018-01-29 21:02:43 
2018-01-29 21:02:44,005 | INFO  [pool-2-thread-1] com.example.component.SchedulingConfig [30] -| 这是一个定时任务: 2018-01-29 21:02:44 
2018-01-29 21:02:45,008 | INFO  [pool-2-thread-1] com.example.component.SchedulingConfig [30] -| 这是一个定时任务: 2018-01-29 21:02:45 
2018-01-29 21:02:46,004 | INFO  [pool-2-thread-1] com.example.component.SchedulingConfig [30] -| 这是一个定时任务: 2018-01-29 21:02:46 
2018-01-29 21:02:47,004 | INFO  [pool-2-thread-1] com.example.component.SchedulingConfig [30] -| 这是一个定时任务: 2018-01-29 21:02:47 
2018-01-29 21:02:48,002 | INFO  [pool-2-thread-1] com.example.component.SchedulingConfig [30] -| 这是一个定时任务: 2018-01-29 21:02:48 
2018-01-29 21:02:49,003 | INFO  [pool-2-thread-1] com.example.component.SchedulingConfig [30] -| 这是一个定时任务: 2018-01-29 21:02:49 
2018-01-29 21:02:50,005 | INFO  [pool-2-thread-1] com.example.component.SchedulingConfig [30] -| 这是一个定时任务: 2018-01-29 21:02:50 
2018-01-29 21:02:51,005 | INFO  [pool-2-thread-1] com.example.component.SchedulingConfig [30] -| 这是一个定时任务: 2018-01-29 21:02:51 
2018-01-29 21:02:52,003 | INFO  [pool-2-thread-1] com.example.component.SchedulingConfig [30] -| 这是一个定时任务: 2018-01-29 21:02:52 
2018-01-29 21:02:53,006 | INFO  [pool-2-thread-1] com.example.component.SchedulingConfig [30] -| 这是一个定时任务: 2018-01-29 21:02:53 
2018-01-29 21:02:54,004 | INFO  [pool-2-thread-1] com.example.component.SchedulingConfig [30] -| 这是一个定时任务: 2018-01-29 21:02:54 
2018-01-29 21:02:55,003 | INFO  [pool-2-thread-1] com.example.component.SchedulingConfig [30] -| 这是一个定时任务: 2018-01-29 21:02:55 
2018-01-29 21:02:56,004 | INFO  [pool-2-thread-1] com.example.component.SchedulingConfig [30] -| 这是一个定时任务: 2018-01-29 21:02:56 
2018-01-29 21:02:57,001 | INFO  [pool-2-thread-1] com.example.component.SchedulingConfig [30] -| 这是一个定时任务: 2018-01-29 21:02:57 
2018-01-29 21:02:58,005 | INFO  [pool-2-thread-1] com.example.component.SchedulingConfig [30] -| 这是一个定时任务: 2018-01-29 21:02:58 
2018-01-29 21:02:59,005 | INFO  [pool-2-thread-1] com.example.component.SchedulingConfig [30] -| 这是一个定时任务: 2018-01-29 21:02:59 
2018-01-29 21:03:01,005 | INFO  [pool-2-thread-1] com.example.component.SchedulingConfig [30] -| 这是一个定时任务: 2018-01-29 21:03:01 
2018-01-29 21:03:02,004 | INFO  [pool-2-thread-1] com.example.component.SchedulingConfig [30] -| 这是一个定时任务: 2018-01-29 21:03:02 
2018-01-29 21:03:03,005 | INFO  [pool-2-thread-1] com.example.component.SchedulingConfig [30] -| 这是一个定时任务: 2018-01-29 21:03:03 
2018-01-29 21:03:04,004 | INFO  [pool-2-thread-1] com.example.component.SchedulingConfig [30] -| 这是一个定时任务: 2018-01-29 21:03:04 
2018-01-29 21:03:05,001 | INFO  [pool-2-thread-1] com.example.component.SchedulingConfig [30] -| 这是一个定时任务: 2018-01-29 21:03:05 
2018-01-29 21:03:06,003 | INFO  [pool-2-thread-1] com.example.component.SchedulingConfig [30] -| 这是一个定时任务: 2018-01-29 21:03:06 
2018-01-29 21:03:07,005 | INFO  [pool-2-thread-1] com.example.component.SchedulingConfig [30] -| 这是一个定时任务: 2018-01-29 21:03:07 
2018-01-29 21:03:08,004 | INFO  [pool-2-thread-1] com.example.component.SchedulingConfig [30] -| 这是一个定时任务: 2018-01-29 21:03:08 
2018-01-29 21:03:09,005 | INFO  [pool-2-thread-1] com.example.component.SchedulingConfig [30] -| 这是一个定时任务: 2018-01-29 21:03:09 
2018-01-29 21:03:10,004 | INFO  [pool-2-thread-1] com.example.component.SchedulingConfig [30] -| 这是一个定时任务: 2018-01-29 21:03:10 
2018-01-29 21:03:11,004 | INFO  [pool-2-thread-1] com.example.component.SchedulingConfig [30] -| 这是一个定时任务: 2018-01-29 21:03:11 
2018-01-29 21:03:12,005 | INFO  [pool-2-thread-1] com.example.component.SchedulingConfig [30] -| 这是一个定时任务: 2018-01-29 21:03:12 
2018-01-29 21:03:13,002 | INFO  [pool-2-thread-1] com.example.component.SchedulingConfig [30] -| 这是一个定时任务: 2018-01-29 21:03:13 
2018-01-29 21:03:14,004 | INFO  [pool-2-thread-1] com.example.component.SchedulingConfig [30] -| 这是一个定时任务: 2018-01-29 21:03:14 
2018-01-29 21:03:15,005 | INFO  [pool-2-thread-1] com.example.component.SchedulingConfig [30] -| 这是一个定时任务: 2018-01-29 21:03:15 
2018-01-29 21:03:15,294 | INFO  [localhost-startStop-2] com.example.component.CrossFilter [77] -| *********************************过滤器被销毁************************** 
2018-01-29 21:03:15,296 | INFO  [localhost-startStop-2] com.example.component.GlobalListener [51] -| -----------------监听器销毁----------------- 
2018-01-29 21:37:12,890 | INFO  [restartedMain] com.example.Application [48] -| Starting Application on William.local with PID 7033 (/Users/guxiaqing/Documents/ideaDir/demo/out/production/classes started by guxiaqing in /Users/guxiaqing/Documents/ideaDir/demo) 
2018-01-29 21:37:12,915 | INFO  [restartedMain] com.example.Application [597] -| The following profiles are active: local 
2018-01-29 21:37:15,185 | INFO  [localhost-startStop-1] com.example.component.GlobalListener [34] -| -----------------监听器初始化----------------- 
2018-01-29 21:37:15,187 | INFO  [localhost-startStop-1] com.example.component.GlobalListener [41] -| JDK 版本: 1.8.0_152 
2018-01-29 21:37:15,188 | INFO  [localhost-startStop-1] com.example.component.GlobalListener [42] -| 项目部署路径: /Users/guxiaqing/Documents/ideaDir/demo/ 
2018-01-29 21:37:15,188 | INFO  [localhost-startStop-1] com.example.component.GlobalListener [43] -| 当前操作系统: Mac OS X 10.13.3 
2018-01-29 21:37:15,188 | INFO  [localhost-startStop-1] com.example.component.GlobalListener [44] -| 当前进程号: 7033 
2018-01-29 21:37:15,221 | INFO  [localhost-startStop-1] com.example.component.CrossFilter [51] -| {"filterDef":{"filterClass":"com.example.component.CrossFilter","filterName":"crossFilter","parameters":{},"asyncSupported":"true"}} 
2018-01-29 21:37:15,222 | INFO  [localhost-startStop-1] com.example.component.CrossFilter [52] -| *********************************过滤器初始化************************** 
2018-01-29 21:37:15,297 | INFO  [restartedMain] com.example.datasource.MysqlConfig [68] -| 创建 mysql 数据源 
2018-01-29 21:37:15,680 | INFO  [restartedMain] com.example.datasource.OracleConfig [66] -| 创建 oracle 数据源 
2018-01-29 21:37:17,225 | INFO  [restartedMain] com.example.Application [57] -| Started Application in 5.26 seconds (JVM running for 6.513) 
2018-01-29 21:37:40,107 | INFO  [localhost-startStop-2] com.example.component.CrossFilter [77] -| *********************************过滤器被销毁************************** 
2018-01-29 21:37:40,109 | INFO  [localhost-startStop-2] com.example.component.GlobalListener [51] -| -----------------监听器销毁----------------- 
