2017-12-24 17:53:57,503 | INFO  [restartedMain] com.example.Application [48] -| Starting Application on William.local with PID 16331 (/Users/guxiaqing/Documents/ideaDir/demo/out/production/classes started by guxiaqing in /Users/guxiaqing/Documents/ideaDir/demo) 
2017-12-24 17:53:57,523 | INFO  [restartedMain] com.example.Application [597] -| The following profiles are active: mysql 
2017-12-24 17:54:00,776 | INFO  [localhost-startStop-1] com.example.component.GlobalListener [32] -| -----------------监听器初始化----------------- 
2017-12-24 17:54:00,778 | INFO  [localhost-startStop-1] com.example.component.GlobalListener [39] -| JDK 版本: 1.8.0_152 
2017-12-24 17:54:00,778 | INFO  [localhost-startStop-1] com.example.component.GlobalListener [40] -| 项目部署路径: /Users/guxiaqing/Documents/ideaDir/demo/ 
2017-12-24 17:54:00,778 | INFO  [localhost-startStop-1] com.example.component.GlobalListener [41] -| 当前操作系统: Mac OS X 10.13.2 
2017-12-24 17:54:00,778 | INFO  [localhost-startStop-1] com.example.component.GlobalListener [42] -| 当前进程号: 16331 
2017-12-24 17:54:00,838 | INFO  [localhost-startStop-1] com.example.component.CrossFilter [47] -| {"filterDef":{"filterClass":"com.example.component.CrossFilter","filterName":"crossFilter","parameters":{},"asyncSupported":"true"}} 
2017-12-24 17:54:00,839 | INFO  [localhost-startStop-1] com.example.component.CrossFilter [48] -| *********************************过滤器初始化************************** 
2017-12-24 17:54:03,137 | INFO  [restartedMain] com.example.Application [57] -| Started Application in 6.509 seconds (JVM running for 8.65) 
2017-12-24 17:54:04,149 | INFO  [localhost-startStop-1] com.example.component.CrossFilter [72] -| *********************************过滤器被销毁************************** 
2017-12-24 17:54:04,150 | INFO  [localhost-startStop-1] com.example.component.GlobalListener [48] -| -----------------监听器销毁----------------- 
2017-12-24 21:29:29,129 | INFO  [restartedMain] com.example.Application [48] -| Starting Application on William.local with PID 16852 (/Users/guxiaqing/Documents/ideaDir/demo/out/production/classes started by guxiaqing in /Users/guxiaqing/Documents/ideaDir/demo) 
2017-12-24 21:29:29,172 | INFO  [restartedMain] com.example.Application [597] -| The following profiles are active: mysql 
2017-12-24 21:29:32,569 | INFO  [localhost-startStop-1] com.example.component.GlobalListener [32] -| -----------------监听器初始化----------------- 
2017-12-24 21:29:32,572 | INFO  [localhost-startStop-1] com.example.component.GlobalListener [39] -| JDK 版本: 1.8.0_152 
2017-12-24 21:29:32,572 | INFO  [localhost-startStop-1] com.example.component.GlobalListener [40] -| 项目部署路径: /Users/guxiaqing/Documents/ideaDir/demo/ 
2017-12-24 21:29:32,572 | INFO  [localhost-startStop-1] com.example.component.GlobalListener [41] -| 当前操作系统: Mac OS X 10.13.2 
2017-12-24 21:29:32,572 | INFO  [localhost-startStop-1] com.example.component.GlobalListener [42] -| 当前进程号: 16852 
2017-12-24 21:29:32,617 | INFO  [localhost-startStop-1] com.example.component.CrossFilter [47] -| {"filterDef":{"filterClass":"com.example.component.CrossFilter","filterName":"crossFilter","parameters":{},"asyncSupported":"true"}} 
2017-12-24 21:29:32,617 | INFO  [localhost-startStop-1] com.example.component.CrossFilter [48] -| *********************************过滤器初始化************************** 
2017-12-24 21:29:32,684 | INFO  [restartedMain] com.example.component.DataSourceConfig [43] -| 获取 oracle 数据源 
2017-12-24 21:29:33,355 | INFO  [restartedMain] com.example.component.DataSourceConfig [33] -| 获取 mysql 数据源 
2017-12-24 21:29:34,723 | INFO  [restartedMain] com.example.Application [57] -| Started Application in 6.541 seconds (JVM running for 8.081) 
2017-12-24 21:29:43,444 | INFO  [localhost-startStop-2] com.example.component.CrossFilter [72] -| *********************************过滤器被销毁************************** 
2017-12-24 21:29:43,446 | INFO  [localhost-startStop-2] com.example.component.GlobalListener [48] -| -----------------监听器销毁----------------- 
2017-12-24 21:52:56,229 | INFO  [restartedMain] com.example.Application [48] -| Starting Application on William.local with PID 16927 (/Users/guxiaqing/Documents/ideaDir/demo/out/production/classes started by guxiaqing in /Users/guxiaqing/Documents/ideaDir/demo) 
2017-12-24 21:52:56,248 | INFO  [restartedMain] com.example.Application [597] -| The following profiles are active: mysql 
2017-12-24 21:52:59,519 | INFO  [localhost-startStop-1] com.example.component.GlobalListener [32] -| -----------------监听器初始化----------------- 
2017-12-24 21:52:59,522 | INFO  [localhost-startStop-1] com.example.component.GlobalListener [39] -| JDK 版本: 1.8.0_152 
2017-12-24 21:52:59,522 | INFO  [localhost-startStop-1] com.example.component.GlobalListener [40] -| 项目部署路径: /Users/guxiaqing/Documents/ideaDir/demo/ 
2017-12-24 21:52:59,522 | INFO  [localhost-startStop-1] com.example.component.GlobalListener [41] -| 当前操作系统: Mac OS X 10.13.2 
2017-12-24 21:52:59,523 | INFO  [localhost-startStop-1] com.example.component.GlobalListener [42] -| 当前进程号: 16927 
2017-12-24 21:52:59,578 | INFO  [localhost-startStop-1] com.example.component.CrossFilter [47] -| {"filterDef":{"filterClass":"com.example.component.CrossFilter","filterName":"crossFilter","parameters":{},"asyncSupported":"true"}} 
2017-12-24 21:52:59,579 | INFO  [localhost-startStop-1] com.example.component.CrossFilter [48] -| *********************************过滤器初始化************************** 
2017-12-24 21:52:59,625 | INFO  [restartedMain] com.example.component.DataSourceConfig [34] -| 获取 mysql 数据源 
2017-12-24 21:53:00,467 | INFO  [restartedMain] com.example.component.DataSourceConfig [43] -| 获取 oracle 数据源 
2017-12-24 21:53:02,140 | INFO  [restartedMain] com.example.Application [57] -| Started Application in 6.832 seconds (JVM running for 8.288) 
2017-12-24 21:53:13,081 | INFO  [http-nio-8081-exec-1] com.example.component.CrossFilter [55] -| *********************************过滤器被使用************************** 
2017-12-24 21:53:13,109 | INFO  [http-nio-8081-exec-1] com.example.component.MethodAspect [52] -| 请求url:http://localhost:8081/userController/jsonp/test123 
2017-12-24 21:53:13,111 | INFO  [http-nio-8081-exec-1] com.example.component.MethodAspect [53] -| 方法类型:GET 
2017-12-24 21:53:13,112 | INFO  [http-nio-8081-exec-1] com.example.component.MethodAspect [54] -| ip:0:0:0:0:0:0:0:1 
2017-12-24 21:53:13,112 | INFO  [http-nio-8081-exec-1] com.example.component.MethodAspect [55] -| 请求方法名:com.example.controller.UserController.jsonp 
2017-12-24 21:53:13,112 | INFO  [http-nio-8081-exec-1] com.example.component.MethodAspect [63] -| 请求入参:test123  
2017-12-24 21:53:13,158 | WARN  [http-nio-8081-exec-1] org.apache.tomcat.jdbc.pool.PooledConnection [179] -| Not loading a JDBC driver as driverClassName property is null. 
2017-12-24 21:53:13,178 | ERROR [http-nio-8081-exec-1] org.apache.tomcat.jdbc.pool.ConnectionPool [181] -| Unable to create initial connections of pool. 
java.sql.SQLException: The url cannot be null
	at java.sql.DriverManager.getConnection(DriverManager.java:649)
	at java.sql.DriverManager.getConnection(DriverManager.java:208)
	at org.apache.tomcat.jdbc.pool.PooledConnection.connectUsingDriver(PooledConnection.java:308)
	at org.apache.tomcat.jdbc.pool.PooledConnection.connect(PooledConnection.java:203)
	at org.apache.tomcat.jdbc.pool.ConnectionPool.createConnection(ConnectionPool.java:735)
	at org.apache.tomcat.jdbc.pool.ConnectionPool.borrowConnection(ConnectionPool.java:667)
	at org.apache.tomcat.jdbc.pool.ConnectionPool.init(ConnectionPool.java:482)
	at org.apache.tomcat.jdbc.pool.ConnectionPool.<init>(ConnectionPool.java:154)
	at org.apache.tomcat.jdbc.pool.DataSourceProxy.pCreatePool(DataSourceProxy.java:118)
	at org.apache.tomcat.jdbc.pool.DataSourceProxy.createPool(DataSourceProxy.java:107)
	at org.apache.tomcat.jdbc.pool.DataSourceProxy.getConnection(DataSourceProxy.java:131)
	at org.springframework.jdbc.datasource.DataSourceUtils.doGetConnection(DataSourceUtils.java:111)
	at org.springframework.jdbc.datasource.DataSourceUtils.getConnection(DataSourceUtils.java:77)
	at org.mybatis.spring.transaction.SpringManagedTransaction.openConnection(SpringManagedTransaction.java:82)
	at org.mybatis.spring.transaction.SpringManagedTransaction.getConnection(SpringManagedTransaction.java:68)
	at org.apache.ibatis.executor.BaseExecutor.getConnection(BaseExecutor.java:336)
	at org.apache.ibatis.executor.SimpleExecutor.prepareStatement(SimpleExecutor.java:84)
	at org.apache.ibatis.executor.SimpleExecutor.doQuery(SimpleExecutor.java:62)
	at org.apache.ibatis.executor.BaseExecutor.queryFromDatabase(BaseExecutor.java:324)
	at org.apache.ibatis.executor.BaseExecutor.query(BaseExecutor.java:156)
	at org.apache.ibatis.executor.CachingExecutor.query(CachingExecutor.java:103)
	at com.github.pagehelper.PageInterceptor.intercept(PageInterceptor.java:143)
	at org.apache.ibatis.plugin.Plugin.invoke(Plugin.java:61)
	at com.sun.proxy.$Proxy95.query(Unknown Source)
	at org.apache.ibatis.session.defaults.DefaultSqlSession.selectList(DefaultSqlSession.java:148)
	at org.apache.ibatis.session.defaults.DefaultSqlSession.selectList(DefaultSqlSession.java:141)
	at sun.reflect.NativeMethodAccessorImpl.invoke0(Native Method)
	at sun.reflect.NativeMethodAccessorImpl.invoke(NativeMethodAccessorImpl.java:62)
	at sun.reflect.DelegatingMethodAccessorImpl.invoke(DelegatingMethodAccessorImpl.java:43)
	at java.lang.reflect.Method.invoke(Method.java:498)
	at org.mybatis.spring.SqlSessionTemplate$SqlSessionInterceptor.invoke(SqlSessionTemplate.java:433)
	at com.sun.proxy.$Proxy82.selectList(Unknown Source)
	at org.mybatis.spring.SqlSessionTemplate.selectList(SqlSessionTemplate.java:230)
	at org.apache.ibatis.binding.MapperMethod.executeForMany(MapperMethod.java:137)
	at org.apache.ibatis.binding.MapperMethod.execute(MapperMethod.java:75)
	at org.apache.ibatis.binding.MapperProxy.invoke(MapperProxy.java:59)
	at com.sun.proxy.$Proxy83.getUser(Unknown Source)
	at com.example.service.impl.UserServiceImpl.getUser(UserServiceImpl.java:34)
	at com.example.service.impl.UserServiceImpl$$FastClassBySpringCGLIB$$8ee7b5a6.invoke(<generated>)
	at org.springframework.cglib.proxy.MethodProxy.invoke(MethodProxy.java:204)
	at org.springframework.aop.framework.CglibAopProxy$DynamicAdvisedInterceptor.intercept(CglibAopProxy.java:669)
	at com.example.service.impl.UserServiceImpl$$EnhancerBySpringCGLIB$$3aded697.getUser(<generated>)
	at com.example.controller.UserController.jsonp(UserController.java:149)
	at com.example.controller.UserController$$FastClassBySpringCGLIB$$8f8c4dc8.invoke(<generated>)
	at org.springframework.cglib.proxy.MethodProxy.invoke(MethodProxy.java:204)
	at org.springframework.aop.framework.CglibAopProxy$CglibMethodInvocation.invokeJoinpoint(CglibAopProxy.java:738)
	at org.springframework.aop.framework.ReflectiveMethodInvocation.proceed(ReflectiveMethodInvocation.java:157)
	at org.springframework.aop.aspectj.MethodInvocationProceedingJoinPoint.proceed(MethodInvocationProceedingJoinPoint.java:85)
	at com.example.component.MethodAspect.around(MethodAspect.java:66)
	at sun.reflect.NativeMethodAccessorImpl.invoke0(Native Method)
	at sun.reflect.NativeMethodAccessorImpl.invoke(NativeMethodAccessorImpl.java:62)
	at sun.reflect.DelegatingMethodAccessorImpl.invoke(DelegatingMethodAccessorImpl.java:43)
	at java.lang.reflect.Method.invoke(Method.java:498)
	at org.springframework.aop.aspectj.AbstractAspectJAdvice.invokeAdviceMethodWithGivenArgs(AbstractAspectJAdvice.java:629)
	at org.springframework.aop.aspectj.AbstractAspectJAdvice.invokeAdviceMethod(AbstractAspectJAdvice.java:618)
	at org.springframework.aop.aspectj.AspectJAroundAdvice.invoke(AspectJAroundAdvice.java:70)
	at org.springframework.aop.framework.ReflectiveMethodInvocation.proceed(ReflectiveMethodInvocation.java:179)
	at org.springframework.aop.interceptor.ExposeInvocationInterceptor.invoke(ExposeInvocationInterceptor.java:92)
	at org.springframework.aop.framework.ReflectiveMethodInvocation.proceed(ReflectiveMethodInvocation.java:179)
	at org.springframework.aop.framework.CglibAopProxy$DynamicAdvisedInterceptor.intercept(CglibAopProxy.java:673)
	at com.example.controller.UserController$$EnhancerBySpringCGLIB$$db56f0b.jsonp(<generated>)
	at sun.reflect.NativeMethodAccessorImpl.invoke0(Native Method)
	at sun.reflect.NativeMethodAccessorImpl.invoke(NativeMethodAccessorImpl.java:62)
	at sun.reflect.DelegatingMethodAccessorImpl.invoke(DelegatingMethodAccessorImpl.java:43)
	at java.lang.reflect.Method.invoke(Method.java:498)
	at org.springframework.web.method.support.InvocableHandlerMethod.doInvoke(InvocableHandlerMethod.java:205)
	at org.springframework.web.method.support.InvocableHandlerMethod.invokeForRequest(InvocableHandlerMethod.java:133)
	at org.springframework.web.servlet.mvc.method.annotation.ServletInvocableHandlerMethod.invokeAndHandle(ServletInvocableHandlerMethod.java:97)
	at org.springframework.web.servlet.mvc.method.annotation.RequestMappingHandlerAdapter.invokeHandlerMethod(RequestMappingHandlerAdapter.java:827)
	at org.springframework.web.servlet.mvc.method.annotation.RequestMappingHandlerAdapter.handleInternal(RequestMappingHandlerAdapter.java:738)
	at org.springframework.web.servlet.mvc.method.AbstractHandlerMethodAdapter.handle(AbstractHandlerMethodAdapter.java:85)
	at org.springframework.web.servlet.DispatcherServlet.doDispatch(DispatcherServlet.java:967)
	at org.springframework.web.servlet.DispatcherServlet.doService(DispatcherServlet.java:901)
	at org.springframework.web.servlet.FrameworkServlet.processRequest(FrameworkServlet.java:970)
	at org.springframework.web.servlet.FrameworkServlet.doGet(FrameworkServlet.java:861)
	at javax.servlet.http.HttpServlet.service(HttpServlet.java:635)
	at org.springframework.web.servlet.FrameworkServlet.service(FrameworkServlet.java:846)
	at javax.servlet.http.HttpServlet.service(HttpServlet.java:742)
	at org.apache.catalina.core.ApplicationFilterChain.internalDoFilter(ApplicationFilterChain.java:231)
	at org.apache.catalina.core.ApplicationFilterChain.doFilter(ApplicationFilterChain.java:166)
	at org.apache.tomcat.websocket.server.WsFilter.doFilter(WsFilter.java:52)
	at org.apache.catalina.core.ApplicationFilterChain.internalDoFilter(ApplicationFilterChain.java:193)
	at org.apache.catalina.core.ApplicationFilterChain.doFilter(ApplicationFilterChain.java:166)
	at com.example.component.CrossFilter.doFilter(CrossFilter.java:65)
	at org.apache.catalina.core.ApplicationFilterChain.internalDoFilter(ApplicationFilterChain.java:193)
	at org.apache.catalina.core.ApplicationFilterChain.doFilter(ApplicationFilterChain.java:166)
	at org.springframework.web.filter.RequestContextFilter.doFilterInternal(RequestContextFilter.java:99)
	at org.springframework.web.filter.OncePerRequestFilter.doFilter(OncePerRequestFilter.java:107)
	at org.apache.catalina.core.ApplicationFilterChain.internalDoFilter(ApplicationFilterChain.java:193)
	at org.apache.catalina.core.ApplicationFilterChain.doFilter(ApplicationFilterChain.java:166)
	at org.springframework.web.filter.HttpPutFormContentFilter.doFilterInternal(HttpPutFormContentFilter.java:108)
	at org.springframework.web.filter.OncePerRequestFilter.doFilter(OncePerRequestFilter.java:107)
	at org.apache.catalina.core.ApplicationFilterChain.internalDoFilter(ApplicationFilterChain.java:193)
	at org.apache.catalina.core.ApplicationFilterChain.doFilter(ApplicationFilterChain.java:166)
	at org.springframework.web.filter.HiddenHttpMethodFilter.doFilterInternal(HiddenHttpMethodFilter.java:81)
	at org.springframework.web.filter.OncePerRequestFilter.doFilter(OncePerRequestFilter.java:107)
	at org.apache.catalina.core.ApplicationFilterChain.internalDoFilter(ApplicationFilterChain.java:193)
	at org.apache.catalina.core.ApplicationFilterChain.doFilter(ApplicationFilterChain.java:166)
	at org.springframework.web.filter.CharacterEncodingFilter.doFilterInternal(CharacterEncodingFilter.java:197)
	at org.springframework.web.filter.OncePerRequestFilter.doFilter(OncePerRequestFilter.java:107)
	at org.apache.catalina.core.ApplicationFilterChain.internalDoFilter(ApplicationFilterChain.java:193)
	at org.apache.catalina.core.ApplicationFilterChain.doFilter(ApplicationFilterChain.java:166)
	at org.apache.catalina.core.StandardWrapperValve.invoke(StandardWrapperValve.java:199)
	at org.apache.catalina.core.StandardContextValve.invoke(StandardContextValve.java:96)
	at org.apache.catalina.authenticator.AuthenticatorBase.invoke(AuthenticatorBase.java:478)
	at org.apache.catalina.core.StandardHostValve.invoke(StandardHostValve.java:140)
	at org.apache.catalina.valves.ErrorReportValve.invoke(ErrorReportValve.java:81)
	at org.apache.catalina.core.StandardEngineValve.invoke(StandardEngineValve.java:87)
	at org.apache.catalina.connector.CoyoteAdapter.service(CoyoteAdapter.java:342)
	at org.apache.coyote.http11.Http11Processor.service(Http11Processor.java:803)
	at org.apache.coyote.AbstractProcessorLight.process(AbstractProcessorLight.java:66)
	at org.apache.coyote.AbstractProtocol$ConnectionHandler.process(AbstractProtocol.java:868)
	at org.apache.tomcat.util.net.NioEndpoint$SocketProcessor.doRun(NioEndpoint.java:1459)
	at org.apache.tomcat.util.net.SocketProcessorBase.run(SocketProcessorBase.java:49)
	at java.util.concurrent.ThreadPoolExecutor.runWorker(ThreadPoolExecutor.java:1149)
	at java.util.concurrent.ThreadPoolExecutor$Worker.run(ThreadPoolExecutor.java:624)
	at org.apache.tomcat.util.threads.TaskThread$WrappingRunnable.run(TaskThread.java:61)
	at java.lang.Thread.run(Thread.java:748)
2017-12-24 21:53:13,186 | ERROR [http-nio-8081-exec-1] com.example.component.MethodAspect [75] -| 调用方法异常： 
org.mybatis.spring.MyBatisSystemException: nested exception is org.apache.ibatis.exceptions.PersistenceException: 
### Error querying database.  Cause: org.springframework.jdbc.CannotGetJdbcConnectionException: Could not get JDBC Connection; nested exception is java.sql.SQLException: The url cannot be null
### The error may exist in file [/Users/guxiaqing/Documents/ideaDir/demo/out/production/resources/mapper/user/userMapper.xml]
### The error may involve com.example.dao.UserDao.getUser
### The error occurred while executing a query
### Cause: org.springframework.jdbc.CannotGetJdbcConnectionException: Could not get JDBC Connection; nested exception is java.sql.SQLException: The url cannot be null
	at org.mybatis.spring.MyBatisExceptionTranslator.translateExceptionIfPossible(MyBatisExceptionTranslator.java:77)
	at org.mybatis.spring.SqlSessionTemplate$SqlSessionInterceptor.invoke(SqlSessionTemplate.java:446)
	at com.sun.proxy.$Proxy82.selectList(Unknown Source)
	at org.mybatis.spring.SqlSessionTemplate.selectList(SqlSessionTemplate.java:230)
	at org.apache.ibatis.binding.MapperMethod.executeForMany(MapperMethod.java:137)
	at org.apache.ibatis.binding.MapperMethod.execute(MapperMethod.java:75)
	at org.apache.ibatis.binding.MapperProxy.invoke(MapperProxy.java:59)
	at com.sun.proxy.$Proxy83.getUser(Unknown Source)
	at com.example.service.impl.UserServiceImpl.getUser(UserServiceImpl.java:34)
	at com.example.service.impl.UserServiceImpl$$FastClassBySpringCGLIB$$8ee7b5a6.invoke(<generated>)
	at org.springframework.cglib.proxy.MethodProxy.invoke(MethodProxy.java:204)
	at org.springframework.aop.framework.CglibAopProxy$DynamicAdvisedInterceptor.intercept(CglibAopProxy.java:669)
	at com.example.service.impl.UserServiceImpl$$EnhancerBySpringCGLIB$$3aded697.getUser(<generated>)
	at com.example.controller.UserController.jsonp(UserController.java:149)
	at com.example.controller.UserController$$FastClassBySpringCGLIB$$8f8c4dc8.invoke(<generated>)
	at org.springframework.cglib.proxy.MethodProxy.invoke(MethodProxy.java:204)
	at org.springframework.aop.framework.CglibAopProxy$CglibMethodInvocation.invokeJoinpoint(CglibAopProxy.java:738)
	at org.springframework.aop.framework.ReflectiveMethodInvocation.proceed(ReflectiveMethodInvocation.java:157)
	at org.springframework.aop.aspectj.MethodInvocationProceedingJoinPoint.proceed(MethodInvocationProceedingJoinPoint.java:85)
	at com.example.component.MethodAspect.around(MethodAspect.java:66)
	at sun.reflect.NativeMethodAccessorImpl.invoke0(Native Method)
	at sun.reflect.NativeMethodAccessorImpl.invoke(NativeMethodAccessorImpl.java:62)
	at sun.reflect.DelegatingMethodAccessorImpl.invoke(DelegatingMethodAccessorImpl.java:43)
	at java.lang.reflect.Method.invoke(Method.java:498)
	at org.springframework.aop.aspectj.AbstractAspectJAdvice.invokeAdviceMethodWithGivenArgs(AbstractAspectJAdvice.java:629)
	at org.springframework.aop.aspectj.AbstractAspectJAdvice.invokeAdviceMethod(AbstractAspectJAdvice.java:618)
	at org.springframework.aop.aspectj.AspectJAroundAdvice.invoke(AspectJAroundAdvice.java:70)
	at org.springframework.aop.framework.ReflectiveMethodInvocation.proceed(ReflectiveMethodInvocation.java:179)
	at org.springframework.aop.interceptor.ExposeInvocationInterceptor.invoke(ExposeInvocationInterceptor.java:92)
	at org.springframework.aop.framework.ReflectiveMethodInvocation.proceed(ReflectiveMethodInvocation.java:179)
	at org.springframework.aop.framework.CglibAopProxy$DynamicAdvisedInterceptor.intercept(CglibAopProxy.java:673)
	at com.example.controller.UserController$$EnhancerBySpringCGLIB$$db56f0b.jsonp(<generated>)
	at sun.reflect.NativeMethodAccessorImpl.invoke0(Native Method)
	at sun.reflect.NativeMethodAccessorImpl.invoke(NativeMethodAccessorImpl.java:62)
	at sun.reflect.DelegatingMethodAccessorImpl.invoke(DelegatingMethodAccessorImpl.java:43)
	at java.lang.reflect.Method.invoke(Method.java:498)
	at org.springframework.web.method.support.InvocableHandlerMethod.doInvoke(InvocableHandlerMethod.java:205)
	at org.springframework.web.method.support.InvocableHandlerMethod.invokeForRequest(InvocableHandlerMethod.java:133)
	at org.springframework.web.servlet.mvc.method.annotation.ServletInvocableHandlerMethod.invokeAndHandle(ServletInvocableHandlerMethod.java:97)
	at org.springframework.web.servlet.mvc.method.annotation.RequestMappingHandlerAdapter.invokeHandlerMethod(RequestMappingHandlerAdapter.java:827)
	at org.springframework.web.servlet.mvc.method.annotation.RequestMappingHandlerAdapter.handleInternal(RequestMappingHandlerAdapter.java:738)
	at org.springframework.web.servlet.mvc.method.AbstractHandlerMethodAdapter.handle(AbstractHandlerMethodAdapter.java:85)
	at org.springframework.web.servlet.DispatcherServlet.doDispatch(DispatcherServlet.java:967)
	at org.springframework.web.servlet.DispatcherServlet.doService(DispatcherServlet.java:901)
	at org.springframework.web.servlet.FrameworkServlet.processRequest(FrameworkServlet.java:970)
	at org.springframework.web.servlet.FrameworkServlet.doGet(FrameworkServlet.java:861)
	at javax.servlet.http.HttpServlet.service(HttpServlet.java:635)
	at org.springframework.web.servlet.FrameworkServlet.service(FrameworkServlet.java:846)
	at javax.servlet.http.HttpServlet.service(HttpServlet.java:742)
	at org.apache.catalina.core.ApplicationFilterChain.internalDoFilter(ApplicationFilterChain.java:231)
	at org.apache.catalina.core.ApplicationFilterChain.doFilter(ApplicationFilterChain.java:166)
	at org.apache.tomcat.websocket.server.WsFilter.doFilter(WsFilter.java:52)
	at org.apache.catalina.core.ApplicationFilterChain.internalDoFilter(ApplicationFilterChain.java:193)
	at org.apache.catalina.core.ApplicationFilterChain.doFilter(ApplicationFilterChain.java:166)
	at com.example.component.CrossFilter.doFilter(CrossFilter.java:65)
	at org.apache.catalina.core.ApplicationFilterChain.internalDoFilter(ApplicationFilterChain.java:193)
	at org.apache.catalina.core.ApplicationFilterChain.doFilter(ApplicationFilterChain.java:166)
	at org.springframework.web.filter.RequestContextFilter.doFilterInternal(RequestContextFilter.java:99)
	at org.springframework.web.filter.OncePerRequestFilter.doFilter(OncePerRequestFilter.java:107)
	at org.apache.catalina.core.ApplicationFilterChain.internalDoFilter(ApplicationFilterChain.java:193)
	at org.apache.catalina.core.ApplicationFilterChain.doFilter(ApplicationFilterChain.java:166)
	at org.springframework.web.filter.HttpPutFormContentFilter.doFilterInternal(HttpPutFormContentFilter.java:108)
	at org.springframework.web.filter.OncePerRequestFilter.doFilter(OncePerRequestFilter.java:107)
	at org.apache.catalina.core.ApplicationFilterChain.internalDoFilter(ApplicationFilterChain.java:193)
	at org.apache.catalina.core.ApplicationFilterChain.doFilter(ApplicationFilterChain.java:166)
	at org.springframework.web.filter.HiddenHttpMethodFilter.doFilterInternal(HiddenHttpMethodFilter.java:81)
	at org.springframework.web.filter.OncePerRequestFilter.doFilter(OncePerRequestFilter.java:107)
	at org.apache.catalina.core.ApplicationFilterChain.internalDoFilter(ApplicationFilterChain.java:193)
	at org.apache.catalina.core.ApplicationFilterChain.doFilter(ApplicationFilterChain.java:166)
	at org.springframework.web.filter.CharacterEncodingFilter.doFilterInternal(CharacterEncodingFilter.java:197)
	at org.springframework.web.filter.OncePerRequestFilter.doFilter(OncePerRequestFilter.java:107)
	at org.apache.catalina.core.ApplicationFilterChain.internalDoFilter(ApplicationFilterChain.java:193)
	at org.apache.catalina.core.ApplicationFilterChain.doFilter(ApplicationFilterChain.java:166)
	at org.apache.catalina.core.StandardWrapperValve.invoke(StandardWrapperValve.java:199)
	at org.apache.catalina.core.StandardContextValve.invoke(StandardContextValve.java:96)
	at org.apache.catalina.authenticator.AuthenticatorBase.invoke(AuthenticatorBase.java:478)
	at org.apache.catalina.core.StandardHostValve.invoke(StandardHostValve.java:140)
	at org.apache.catalina.valves.ErrorReportValve.invoke(ErrorReportValve.java:81)
	at org.apache.catalina.core.StandardEngineValve.invoke(StandardEngineValve.java:87)
	at org.apache.catalina.connector.CoyoteAdapter.service(CoyoteAdapter.java:342)
	at org.apache.coyote.http11.Http11Processor.service(Http11Processor.java:803)
	at org.apache.coyote.AbstractProcessorLight.process(AbstractProcessorLight.java:66)
	at org.apache.coyote.AbstractProtocol$ConnectionHandler.process(AbstractProtocol.java:868)
	at org.apache.tomcat.util.net.NioEndpoint$SocketProcessor.doRun(NioEndpoint.java:1459)
	at org.apache.tomcat.util.net.SocketProcessorBase.run(SocketProcessorBase.java:49)
	at java.util.concurrent.ThreadPoolExecutor.runWorker(ThreadPoolExecutor.java:1149)
	at java.util.concurrent.ThreadPoolExecutor$Worker.run(ThreadPoolExecutor.java:624)
	at org.apache.tomcat.util.threads.TaskThread$WrappingRunnable.run(TaskThread.java:61)
	at java.lang.Thread.run(Thread.java:748)
Caused by: org.apache.ibatis.exceptions.PersistenceException: 
### Error querying database.  Cause: org.springframework.jdbc.CannotGetJdbcConnectionException: Could not get JDBC Connection; nested exception is java.sql.SQLException: The url cannot be null
### The error may exist in file [/Users/guxiaqing/Documents/ideaDir/demo/out/production/resources/mapper/user/userMapper.xml]
### The error may involve com.example.dao.UserDao.getUser
### The error occurred while executing a query
### Cause: org.springframework.jdbc.CannotGetJdbcConnectionException: Could not get JDBC Connection; nested exception is java.sql.SQLException: The url cannot be null
	at org.apache.ibatis.exceptions.ExceptionFactory.wrapException(ExceptionFactory.java:30)
	at org.apache.ibatis.session.defaults.DefaultSqlSession.selectList(DefaultSqlSession.java:150)
	at org.apache.ibatis.session.defaults.DefaultSqlSession.selectList(DefaultSqlSession.java:141)
	at sun.reflect.NativeMethodAccessorImpl.invoke0(Native Method)
	at sun.reflect.NativeMethodAccessorImpl.invoke(NativeMethodAccessorImpl.java:62)
	at sun.reflect.DelegatingMethodAccessorImpl.invoke(DelegatingMethodAccessorImpl.java:43)
	at java.lang.reflect.Method.invoke(Method.java:498)
	at org.mybatis.spring.SqlSessionTemplate$SqlSessionInterceptor.invoke(SqlSessionTemplate.java:433)
	... 87 common frames omitted
Caused by: org.springframework.jdbc.CannotGetJdbcConnectionException: Could not get JDBC Connection; nested exception is java.sql.SQLException: The url cannot be null
	at org.springframework.jdbc.datasource.DataSourceUtils.getConnection(DataSourceUtils.java:80)
	at org.mybatis.spring.transaction.SpringManagedTransaction.openConnection(SpringManagedTransaction.java:82)
	at org.mybatis.spring.transaction.SpringManagedTransaction.getConnection(SpringManagedTransaction.java:68)
	at org.apache.ibatis.executor.BaseExecutor.getConnection(BaseExecutor.java:336)
	at org.apache.ibatis.executor.SimpleExecutor.prepareStatement(SimpleExecutor.java:84)
	at org.apache.ibatis.executor.SimpleExecutor.doQuery(SimpleExecutor.java:62)
	at org.apache.ibatis.executor.BaseExecutor.queryFromDatabase(BaseExecutor.java:324)
	at org.apache.ibatis.executor.BaseExecutor.query(BaseExecutor.java:156)
	at org.apache.ibatis.executor.CachingExecutor.query(CachingExecutor.java:103)
	at com.github.pagehelper.PageInterceptor.intercept(PageInterceptor.java:143)
	at org.apache.ibatis.plugin.Plugin.invoke(Plugin.java:61)
	at com.sun.proxy.$Proxy95.query(Unknown Source)
	at org.apache.ibatis.session.defaults.DefaultSqlSession.selectList(DefaultSqlSession.java:148)
	... 93 common frames omitted
Caused by: java.sql.SQLException: The url cannot be null
	at java.sql.DriverManager.getConnection(DriverManager.java:649)
	at java.sql.DriverManager.getConnection(DriverManager.java:208)
	at org.apache.tomcat.jdbc.pool.PooledConnection.connectUsingDriver(PooledConnection.java:308)
	at org.apache.tomcat.jdbc.pool.PooledConnection.connect(PooledConnection.java:203)
	at org.apache.tomcat.jdbc.pool.ConnectionPool.createConnection(ConnectionPool.java:735)
	at org.apache.tomcat.jdbc.pool.ConnectionPool.borrowConnection(ConnectionPool.java:667)
	at org.apache.tomcat.jdbc.pool.ConnectionPool.init(ConnectionPool.java:482)
	at org.apache.tomcat.jdbc.pool.ConnectionPool.<init>(ConnectionPool.java:154)
	at org.apache.tomcat.jdbc.pool.DataSourceProxy.pCreatePool(DataSourceProxy.java:118)
	at org.apache.tomcat.jdbc.pool.DataSourceProxy.createPool(DataSourceProxy.java:107)
	at org.apache.tomcat.jdbc.pool.DataSourceProxy.getConnection(DataSourceProxy.java:131)
	at org.springframework.jdbc.datasource.DataSourceUtils.doGetConnection(DataSourceUtils.java:111)
	at org.springframework.jdbc.datasource.DataSourceUtils.getConnection(DataSourceUtils.java:77)
	... 105 common frames omitted
2017-12-24 21:53:13,187 | INFO  [http-nio-8081-exec-1] com.example.component.MethodAspect [80] -| 程序执行时间：80 
2017-12-24 21:56:00,253 | INFO  [localhost-startStop-2] com.example.component.CrossFilter [72] -| *********************************过滤器被销毁************************** 
2017-12-24 21:56:00,255 | INFO  [localhost-startStop-2] com.example.component.GlobalListener [48] -| -----------------监听器销毁----------------- 
