2017-12-14 09:20:00,191 | INFO  [restartedMain] com.example.Application [48] -| Starting Application on William.local with PID 11694 (/Users/guxiaqing/Documents/ideaDir/demo/out/production/classes started by guxiaqing in /Users/guxiaqing/Documents/ideaDir/demo) 
2017-12-14 09:20:00,206 | INFO  [restartedMain] com.example.Application [597] -| The following profiles are active: mysql 
2017-12-14 09:20:00,419 | WARN  [restartedMain] org.springframework.context.annotation.AnnotationConfigApplicationContext [551] -| Exception encountered during context initialization - cancelling refresh attempt: org.springframework.beans.factory.BeanDefinitionStoreException: Failed to parse configuration class [com.example.Application]; nested exception is org.springframework.core.NestedIOException: Failed to load class [javax.servlet.Filter]; nested exception is java.lang.ClassNotFoundException: javax.servlet.Filter 
2017-12-14 09:20:00,422 | ERROR [restartedMain] org.springframework.beans.factory.support.DefaultListableBeanFactory [581] -| Destroy method on bean with name 'org.springframework.boot.autoconfigure.internalCachingMetadataReaderFactory' threw an exception 
java.lang.IllegalStateException: ApplicationEventMulticaster not initialized - call 'refresh' before multicasting events via the context: org.springframework.context.annotation.AnnotationConfigApplicationContext@48340f22: startup date [Thu Dec 14 09:20:00 CST 2017]; root of context hierarchy
	at org.springframework.context.support.AbstractApplicationContext.getApplicationEventMulticaster(AbstractApplicationContext.java:414)
	at org.springframework.context.support.ApplicationListenerDetector.postProcessBeforeDestruction(ApplicationListenerDetector.java:97)
	at org.springframework.beans.factory.support.DisposableBeanAdapter.destroy(DisposableBeanAdapter.java:253)
	at org.springframework.beans.factory.support.DefaultSingletonBeanRegistry.destroyBean(DefaultSingletonBeanRegistry.java:578)
	at org.springframework.beans.factory.support.DefaultSingletonBeanRegistry.destroySingleton(DefaultSingletonBeanRegistry.java:554)
	at org.springframework.beans.factory.support.DefaultListableBeanFactory.destroySingleton(DefaultListableBeanFactory.java:961)
	at org.springframework.beans.factory.support.DefaultSingletonBeanRegistry.destroySingletons(DefaultSingletonBeanRegistry.java:523)
	at org.springframework.beans.factory.support.FactoryBeanRegistrySupport.destroySingletons(FactoryBeanRegistrySupport.java:230)
	at org.springframework.beans.factory.support.DefaultListableBeanFactory.destroySingletons(DefaultListableBeanFactory.java:968)
	at org.springframework.context.support.AbstractApplicationContext.destroyBeans(AbstractApplicationContext.java:1030)
	at org.springframework.context.support.AbstractApplicationContext.refresh(AbstractApplicationContext.java:556)
	at org.springframework.boot.SpringApplication.refresh(SpringApplication.java:693)
	at org.springframework.boot.SpringApplication.refreshContext(SpringApplication.java:360)
	at org.springframework.boot.SpringApplication.run(SpringApplication.java:303)
	at org.springframework.boot.SpringApplication.run(SpringApplication.java:1118)
	at org.springframework.boot.SpringApplication.run(SpringApplication.java:1107)
	at com.example.Application.main(Application.java:26)
	at sun.reflect.NativeMethodAccessorImpl.invoke0(Native Method)
	at sun.reflect.NativeMethodAccessorImpl.invoke(NativeMethodAccessorImpl.java:62)
	at sun.reflect.DelegatingMethodAccessorImpl.invoke(DelegatingMethodAccessorImpl.java:43)
	at java.lang.reflect.Method.invoke(Method.java:498)
	at org.springframework.boot.devtools.restart.RestartLauncher.run(RestartLauncher.java:49)
2017-12-14 09:20:00,441 | ERROR [restartedMain] org.springframework.boot.SpringApplication [771] -| Application startup failed 
org.springframework.beans.factory.BeanDefinitionStoreException: Failed to parse configuration class [com.example.Application]; nested exception is org.springframework.core.NestedIOException: Failed to load class [javax.servlet.Filter]; nested exception is java.lang.ClassNotFoundException: javax.servlet.Filter
	at org.springframework.context.annotation.ConfigurationClassParser.parse(ConfigurationClassParser.java:181)
	at org.springframework.context.annotation.ConfigurationClassPostProcessor.processConfigBeanDefinitions(ConfigurationClassPostProcessor.java:308)
	at org.springframework.context.annotation.ConfigurationClassPostProcessor.postProcessBeanDefinitionRegistry(ConfigurationClassPostProcessor.java:228)
	at org.springframework.context.support.PostProcessorRegistrationDelegate.invokeBeanDefinitionRegistryPostProcessors(PostProcessorRegistrationDelegate.java:272)
	at org.springframework.context.support.PostProcessorRegistrationDelegate.invokeBeanFactoryPostProcessors(PostProcessorRegistrationDelegate.java:92)
	at org.springframework.context.support.AbstractApplicationContext.invokeBeanFactoryPostProcessors(AbstractApplicationContext.java:687)
	at org.springframework.context.support.AbstractApplicationContext.refresh(AbstractApplicationContext.java:525)
	at org.springframework.boot.SpringApplication.refresh(SpringApplication.java:693)
	at org.springframework.boot.SpringApplication.refreshContext(SpringApplication.java:360)
	at org.springframework.boot.SpringApplication.run(SpringApplication.java:303)
	at org.springframework.boot.SpringApplication.run(SpringApplication.java:1118)
	at org.springframework.boot.SpringApplication.run(SpringApplication.java:1107)
	at com.example.Application.main(Application.java:26)
	at sun.reflect.NativeMethodAccessorImpl.invoke0(Native Method)
	at sun.reflect.NativeMethodAccessorImpl.invoke(NativeMethodAccessorImpl.java:62)
	at sun.reflect.DelegatingMethodAccessorImpl.invoke(DelegatingMethodAccessorImpl.java:43)
	at java.lang.reflect.Method.invoke(Method.java:498)
	at org.springframework.boot.devtools.restart.RestartLauncher.run(RestartLauncher.java:49)
Caused by: org.springframework.core.NestedIOException: Failed to load class [javax.servlet.Filter]; nested exception is java.lang.ClassNotFoundException: javax.servlet.Filter
	at org.springframework.context.annotation.ConfigurationClassParser.asSourceClass(ConfigurationClassParser.java:690)
	at org.springframework.context.annotation.ConfigurationClassParser$SourceClass.getInterfaces(ConfigurationClassParser.java:870)
	at org.springframework.context.annotation.ConfigurationClassParser.processInterfaces(ConfigurationClassParser.java:363)
	at org.springframework.context.annotation.ConfigurationClassParser.doProcessConfigurationClass(ConfigurationClassParser.java:320)
	at org.springframework.context.annotation.ConfigurationClassParser.processConfigurationClass(ConfigurationClassParser.java:245)
	at org.springframework.context.annotation.ConfigurationClassParser.parse(ConfigurationClassParser.java:190)
	at org.springframework.context.annotation.ConfigurationClassParser.doProcessConfigurationClass(ConfigurationClassParser.java:292)
	at org.springframework.context.annotation.ConfigurationClassParser.processConfigurationClass(ConfigurationClassParser.java:245)
	at org.springframework.context.annotation.ConfigurationClassParser.parse(ConfigurationClassParser.java:198)
	at org.springframework.context.annotation.ConfigurationClassParser.parse(ConfigurationClassParser.java:167)
	... 17 common frames omitted
Caused by: java.lang.ClassNotFoundException: javax.servlet.Filter
	at java.net.URLClassLoader.findClass(URLClassLoader.java:381)
	at java.lang.ClassLoader.loadClass(ClassLoader.java:424)
	at sun.misc.Launcher$AppClassLoader.loadClass(Launcher.java:338)
	at java.lang.ClassLoader.loadClass(ClassLoader.java:357)
	at org.springframework.boot.devtools.restart.classloader.RestartClassLoader.loadClass(RestartClassLoader.java:151)
	at java.lang.ClassLoader.loadClass(ClassLoader.java:357)
	at org.springframework.context.annotation.ConfigurationClassParser.asSourceClass(ConfigurationClassParser.java:687)
	... 26 common frames omitted
2017-12-14 09:31:58,882 | INFO  [restartedMain] com.example.Application [48] -| Starting Application on William.local with PID 11823 (/Users/guxiaqing/Documents/ideaDir/demo/out/production/classes started by guxiaqing in /Users/guxiaqing/Documents/ideaDir/demo) 
2017-12-14 09:31:58,897 | INFO  [restartedMain] com.example.Application [597] -| The following profiles are active: product 
2017-12-14 09:32:01,514 | INFO  [localhost-startStop-1] com.example.component.GlobalListener [31] -| -----------------监听器初始化----------------- 
2017-12-14 09:32:01,516 | INFO  [localhost-startStop-1] com.example.component.GlobalListener [40] -| user.dir: /Users/guxiaqing/Documents/ideaDir/demo 
2017-12-14 09:32:01,516 | INFO  [localhost-startStop-1] com.example.component.GlobalListener [41] -| os.name: Mac OS X 10.13.2 
2017-12-14 09:32:01,516 | INFO  [localhost-startStop-1] com.example.component.GlobalListener [42] -| PID: 11823 
2017-12-14 09:32:01,516 | INFO  [localhost-startStop-1] com.example.component.GlobalListener [43] -| java.version: 1.8.0_152 
2017-12-14 09:32:01,551 | INFO  [localhost-startStop-1] com.example.component.CrossFilter [47] -| {"filterDef":{"filterClass":"com.example.component.CrossFilter","filterName":"crossFilter","parameters":{},"asyncSupported":"true"}} 
2017-12-14 09:32:01,551 | INFO  [localhost-startStop-1] com.example.component.CrossFilter [48] -| *********************************过滤器初始化************************** 
2017-12-14 09:32:03,191 | INFO  [restartedMain] com.example.Application [57] -| Started Application in 5.073 seconds (JVM running for 6.487) 
2017-12-14 09:32:13,175 | INFO  [localhost-startStop-2] com.example.component.CrossFilter [72] -| *********************************过滤器被销毁************************** 
2017-12-14 09:32:13,176 | INFO  [localhost-startStop-2] com.example.component.GlobalListener [49] -| -----------------监听器销毁----------------- 
2017-12-14 09:32:58,918 | INFO  [restartedMain] com.example.Application [48] -| Starting Application on William.local with PID 11827 (/Users/guxiaqing/Documents/ideaDir/demo/out/production/classes started by guxiaqing in /Users/guxiaqing/Documents/ideaDir/demo) 
2017-12-14 09:32:58,932 | INFO  [restartedMain] com.example.Application [597] -| The following profiles are active: mysql 
2017-12-14 09:33:01,276 | INFO  [localhost-startStop-1] com.example.component.GlobalListener [31] -| -----------------监听器初始化----------------- 
2017-12-14 09:33:01,278 | INFO  [localhost-startStop-1] com.example.component.GlobalListener [40] -| user.dir: /Users/guxiaqing/Documents/ideaDir/demo 
2017-12-14 09:33:01,278 | INFO  [localhost-startStop-1] com.example.component.GlobalListener [41] -| os.name: Mac OS X 10.13.2 
2017-12-14 09:33:01,278 | INFO  [localhost-startStop-1] com.example.component.GlobalListener [42] -| PID: 11827 
2017-12-14 09:33:01,278 | INFO  [localhost-startStop-1] com.example.component.GlobalListener [43] -| java.version: 1.8.0_152 
2017-12-14 09:33:01,311 | INFO  [localhost-startStop-1] com.example.component.CrossFilter [47] -| {"filterDef":{"filterClass":"com.example.component.CrossFilter","filterName":"crossFilter","parameters":{},"asyncSupported":"true"}} 
2017-12-14 09:33:01,311 | INFO  [localhost-startStop-1] com.example.component.CrossFilter [48] -| *********************************过滤器初始化************************** 
2017-12-14 09:33:02,818 | INFO  [restartedMain] com.example.Application [57] -| Started Application in 4.603 seconds (JVM running for 5.723) 
2017-12-14 22:13:55,173 | INFO  [localhost-startStop-2] com.example.component.CrossFilter [72] -| *********************************过滤器被销毁************************** 
2017-12-14 22:13:55,175 | INFO  [localhost-startStop-2] com.example.component.GlobalListener [49] -| -----------------监听器销毁----------------- 
