2018-02-07 12:26:48,211 | INFO  [restartedMain] com.example.Application [48] -| Starting Application on William.local with PID 7107 (/Users/guxiaqing/Documents/ideaDir/demo/out/production/classes started by guxiaqing in /Users/guxiaqing/Documents/ideaDir/demo) 
2018-02-07 12:26:48,472 | INFO  [restartedMain] com.example.Application [597] -| The following profiles are active: local 
2018-02-07 12:26:53,656 | INFO  [localhost-startStop-1] com.example.component.GlobalListener [34] -| -----------------监听器初始化----------------- 
2018-02-07 12:26:53,661 | INFO  [localhost-startStop-1] com.example.component.GlobalListener [41] -| JDK 版本: 1.8.0_152 
2018-02-07 12:26:53,662 | INFO  [localhost-startStop-1] com.example.component.GlobalListener [42] -| 项目部署路径: /Users/guxiaqing/Documents/ideaDir/demo/ 
2018-02-07 12:26:53,663 | INFO  [localhost-startStop-1] com.example.component.GlobalListener [43] -| 当前操作系统: Mac OS X 10.13.3 
2018-02-07 12:26:53,665 | INFO  [localhost-startStop-1] com.example.component.GlobalListener [44] -| 当前进程号: 7107 
2018-02-07 12:26:53,730 | INFO  [localhost-startStop-1] com.example.component.CrossFilter [51] -| {"filterDef":{"filterClass":"com.example.component.CrossFilter","filterName":"crossFilter","parameters":{},"asyncSupported":"true"}} 
2018-02-07 12:26:53,730 | INFO  [localhost-startStop-1] com.example.component.CrossFilter [52] -| *********************************过滤器初始化************************** 
2018-02-07 12:26:53,838 | INFO  [restartedMain] com.example.datasource.MysqlConfig [68] -| 创建 mysql 数据源 
2018-02-07 12:26:55,150 | INFO  [restartedMain] com.example.datasource.OracleConfig [66] -| 创建 oracle 数据源 
2018-02-07 12:27:02,966 | INFO  [restartedMain] com.example.Application [57] -| Started Application in 15.772 seconds (JVM running for 20.163) 
2018-02-07 12:27:38,289 | INFO  [http-nio-8081-exec-1] com.example.component.CrossFilter [59] -| *********************************过滤器被使用************************** 
2018-02-07 12:27:38,324 | INFO  [http-nio-8081-exec-1] com.example.component.MethodAspect [59] -| 请求url: http://localhost:8081/userController/user 
2018-02-07 12:27:38,327 | INFO  [http-nio-8081-exec-1] com.example.component.MethodAspect [60] -| 方法类型: GET 
2018-02-07 12:27:38,327 | INFO  [http-nio-8081-exec-1] com.example.component.MethodAspect [61] -| ip: 0:0:0:0:0:0:0:1 
2018-02-07 12:27:38,328 | INFO  [http-nio-8081-exec-1] com.example.component.MethodAspect [62] -| 请求方法名: com.example.controller.UserController.getUser 
2018-02-07 12:27:38,329 | INFO  [http-nio-8081-exec-1] com.example.component.MethodAspect [70] -| 请求入参:  
2018-02-07 12:27:38,900 | INFO  [http-nio-8081-exec-1] com.example.component.MethodAspect [59] -| 请求url: http://localhost:8081/userController/user 
2018-02-07 12:27:38,911 | INFO  [http-nio-8081-exec-1] com.example.component.MethodAspect [60] -| 方法类型: GET 
2018-02-07 12:27:38,912 | INFO  [http-nio-8081-exec-1] com.example.component.MethodAspect [61] -| ip: 0:0:0:0:0:0:0:1 
2018-02-07 12:27:38,912 | INFO  [http-nio-8081-exec-1] com.example.component.MethodAspect [62] -| 请求方法名: com.example.service.impl.UserServiceImpl.getUser 
2018-02-07 12:27:38,913 | INFO  [http-nio-8081-exec-1] com.example.component.MethodAspect [70] -| 请求入参:  
2018-02-07 12:27:39,392 | INFO  [http-nio-8081-exec-1] com.example.component.MethodAspect [76] -| 返回值：[{"id":"1f100f189n1aoo2gl4ho00rxes9149","name":"李四","birthday":"2016-01-01","money":120000.0},{"id":"1fd70x13wad01ftz9x70ph625ugdbj","name":"张三","birthday":"2017-03-14","money":150000.0},{"id":"28s6lkhkhu12f36s8pcy919jv32q56","name":"小伙伴","birthday":"2017-10-09","money":180000.0},{"id":"eaced11h95g1gp0hciymjdoyco6pyt","name":"日了狗了","birthday":"2016-01-01","money":350000.0}] 
2018-02-07 12:27:39,393 | INFO  [http-nio-8081-exec-1] com.example.component.MethodAspect [86] -| 程序执行时间：493 
2018-02-07 12:27:39,413 | INFO  [http-nio-8081-exec-1] com.example.component.MethodAspect [76] -| 返回值：{"err_info":"查询用户列表成功","err_no":0,"data":[{"id":"1f100f189n1aoo2gl4ho00rxes9149","name":"李四","birthday":"2016-01-01","money":120000.0},{"id":"1fd70x13wad01ftz9x70ph625ugdbj","name":"张三","birthday":"2017-03-14","money":150000.0},{"id":"28s6lkhkhu12f36s8pcy919jv32q56","name":"小伙伴","birthday":"2017-10-09","money":180000.0},{"id":"eaced11h95g1gp0hciymjdoyco6pyt","name":"日了狗了","birthday":"2016-01-01","money":350000.0}]} 
2018-02-07 12:27:39,414 | INFO  [http-nio-8081-exec-1] com.example.component.MethodAspect [86] -| 程序执行时间：1095 
2018-02-07 12:28:32,231 | INFO  [http-nio-8081-exec-3] com.example.component.CrossFilter [59] -| *********************************过滤器被使用************************** 
2018-02-07 12:28:32,243 | INFO  [http-nio-8081-exec-3] com.example.component.MethodAspect [59] -| 请求url: http://localhost:8081/userController/user/28s6lkhkhu12f36s8pcy919jv32q56 
2018-02-07 12:28:32,244 | INFO  [http-nio-8081-exec-3] com.example.component.MethodAspect [60] -| 方法类型: GET 
2018-02-07 12:28:32,244 | INFO  [http-nio-8081-exec-3] com.example.component.MethodAspect [61] -| ip: 0:0:0:0:0:0:0:1 
2018-02-07 12:28:32,245 | INFO  [http-nio-8081-exec-3] com.example.component.MethodAspect [62] -| 请求方法名: com.example.controller.UserController.getById 
2018-02-07 12:28:32,245 | INFO  [http-nio-8081-exec-3] com.example.component.MethodAspect [70] -| 请求入参: 28s6lkhkhu12f36s8pcy919jv32q56  
2018-02-07 12:28:32,258 | INFO  [http-nio-8081-exec-3] com.example.component.MethodAspect [76] -| 返回值：{"err_info":"查询单个用户信息成功","err_no":0,"data":{"id":"28s6lkhkhu12f36s8pcy919jv32q56","name":"小伙伴","birthday":"2017-10-09","money":180000.0}} 
2018-02-07 12:28:32,258 | INFO  [http-nio-8081-exec-3] com.example.component.MethodAspect [86] -| 程序执行时间：15 
2018-02-07 12:29:11,008 | INFO  [localhost-startStop-2] com.example.component.CrossFilter [77] -| *********************************过滤器被销毁************************** 
2018-02-07 12:29:11,012 | INFO  [localhost-startStop-2] com.example.component.GlobalListener [51] -| -----------------监听器销毁----------------- 
2018-02-07 12:29:36,318 | INFO  [restartedMain] com.example.Application [48] -| Starting Application on William.local with PID 7122 (/Users/guxiaqing/Documents/ideaDir/demo/out/production/classes started by guxiaqing in /Users/guxiaqing/Documents/ideaDir/demo) 
2018-02-07 12:29:36,340 | INFO  [restartedMain] com.example.Application [597] -| The following profiles are active: local 
2018-02-07 12:30:03,000 | INFO  [restartedMain] com.example.Application [48] -| Starting Application on William.local with PID 7129 (/Users/guxiaqing/Documents/ideaDir/demo/out/production/classes started by guxiaqing in /Users/guxiaqing/Documents/ideaDir/demo) 
2018-02-07 12:30:03,068 | INFO  [restartedMain] com.example.Application [597] -| The following profiles are active: local 
2018-02-07 12:30:06,076 | INFO  [localhost-startStop-1] com.example.component.GlobalListener [34] -| -----------------监听器初始化----------------- 
2018-02-07 12:30:06,116 | INFO  [localhost-startStop-1] com.example.component.GlobalListener [41] -| JDK 版本: 1.8.0_152 
2018-02-07 12:30:06,117 | INFO  [localhost-startStop-1] com.example.component.GlobalListener [42] -| 项目部署路径: /Users/guxiaqing/Documents/ideaDir/demo/ 
2018-02-07 12:30:06,123 | INFO  [localhost-startStop-1] com.example.component.GlobalListener [43] -| 当前操作系统: Mac OS X 10.13.3 
2018-02-07 12:30:06,126 | INFO  [localhost-startStop-1] com.example.component.GlobalListener [44] -| 当前进程号: 7129 
2018-02-07 12:30:06,412 | INFO  [localhost-startStop-1] com.example.component.CrossFilter [51] -| {"filterDef":{"filterClass":"com.example.component.CrossFilter","filterName":"crossFilter","parameters":{},"asyncSupported":"true"}} 
2018-02-07 12:30:06,413 | INFO  [localhost-startStop-1] com.example.component.CrossFilter [52] -| *********************************过滤器初始化************************** 
2018-02-07 12:30:06,599 | INFO  [restartedMain] com.example.datasource.MysqlConfig [68] -| 创建 mysql 数据源 
2018-02-07 12:30:07,574 | INFO  [restartedMain] com.example.datasource.OracleConfig [66] -| 创建 oracle 数据源 
2018-02-07 12:30:10,512 | INFO  [restartedMain] com.example.Application [57] -| Started Application in 8.499 seconds (JVM running for 10.814) 
2018-02-07 12:30:26,378 | INFO  [http-nio-8081-exec-2] com.example.component.CrossFilter [59] -| *********************************过滤器被使用************************** 
2018-02-07 12:30:36,923 | INFO  [http-nio-8081-exec-3] com.example.component.CrossFilter [59] -| *********************************过滤器被使用************************** 
2018-02-07 12:30:36,961 | INFO  [http-nio-8081-exec-3] com.example.component.MethodAspect [59] -| 请求url: http://localhost:8081/userController/user 
2018-02-07 12:30:36,964 | INFO  [http-nio-8081-exec-3] com.example.component.MethodAspect [60] -| 方法类型: GET 
2018-02-07 12:30:36,964 | INFO  [http-nio-8081-exec-3] com.example.component.MethodAspect [61] -| ip: 0:0:0:0:0:0:0:1 
2018-02-07 12:30:36,966 | INFO  [http-nio-8081-exec-3] com.example.component.MethodAspect [62] -| 请求方法名: com.example.controller.UserController.getUser 
2018-02-07 12:30:36,968 | INFO  [http-nio-8081-exec-3] com.example.component.MethodAspect [70] -| 请求入参:  
2018-02-07 12:30:37,007 | INFO  [http-nio-8081-exec-3] com.example.component.MethodAspect [76] -| 返回值：{"err_info":"查询用户列表成功","err_no":0,"data":[{"id":"1f100f189n1aoo2gl4ho00rxes9149","name":"李四","birthday":"2016-01-01","money":120000.0},{"id":"1fd70x13wad01ftz9x70ph625ugdbj","name":"张三","birthday":"2017-03-14","money":150000.0},{"id":"28s6lkhkhu12f36s8pcy919jv32q56","name":"小伙伴","birthday":"2017-10-09","money":180000.0},{"id":"eaced11h95g1gp0hciymjdoyco6pyt","name":"日了狗了","birthday":"2016-01-01","money":350000.0}]} 
2018-02-07 12:30:37,008 | INFO  [http-nio-8081-exec-3] com.example.component.MethodAspect [86] -| 程序执行时间：49 
2018-02-07 12:30:47,420 | INFO  [localhost-startStop-2] com.example.component.CrossFilter [77] -| *********************************过滤器被销毁************************** 
2018-02-07 12:30:47,421 | INFO  [localhost-startStop-2] com.example.component.GlobalListener [51] -| -----------------监听器销毁----------------- 
