2018-04-09 17:00:58,485 | INFO  [main] com.example.controller.TestUserController [50] -| Starting TestUserController on William.local with PID 45236 (started by guxiaqing in /Users/guxiaqing/Documents/ideaDir/demo) 
2018-04-09 17:00:58,487 | INFO  [main] com.example.controller.TestUserController [663] -| The following profiles are active: local 
2018-04-09 17:01:00,792 | INFO  [main] com.example.datasource.MysqlConfig [69] -| 创建 mysql 数据源 
2018-04-09 17:01:01,416 | INFO  [main] com.example.datasource.OracleConfig [67] -| 创建 oracle 数据源 
2018-04-09 17:01:01,492 | INFO  [main] com.example.datasource.MysqlConfig [83] -| 创建 mysql DataSourceTransactionManager  
2018-04-09 17:01:01,507 | INFO  [main] com.example.datasource.OracleConfig [80] -| 创建 oracle DataSourceTransactionManager  
2018-04-09 17:01:03,314 | WARN  [main] org.springframework.web.context.support.GenericWebApplicationContext [558] -| Exception encountered during context initialization - cancelling refresh attempt: org.springframework.beans.factory.BeanCreationException: Error creating bean with name 'gsonBuilder' defined in class path resource [org/springframework/boot/autoconfigure/gson/GsonAutoConfiguration.class]: Bean instantiation via factory method failed; nested exception is org.springframework.beans.BeanInstantiationException: Failed to instantiate [com.google.gson.GsonBuilder]: Factory method 'gsonBuilder' threw exception; nested exception is java.lang.BootstrapMethodError: java.lang.NoSuchMethodError: com.google.gson.GsonBuilder.setLenient()Lcom/google/gson/GsonBuilder; 
2018-04-09 17:01:03,340 | ERROR [main] org.springframework.boot.SpringApplication [842] -| Application run failed 
org.springframework.beans.factory.BeanCreationException: Error creating bean with name 'gsonBuilder' defined in class path resource [org/springframework/boot/autoconfigure/gson/GsonAutoConfiguration.class]: Bean instantiation via factory method failed; nested exception is org.springframework.beans.BeanInstantiationException: Failed to instantiate [com.google.gson.GsonBuilder]: Factory method 'gsonBuilder' threw exception; nested exception is java.lang.BootstrapMethodError: java.lang.NoSuchMethodError: com.google.gson.GsonBuilder.setLenient()Lcom/google/gson/GsonBuilder;
	at org.springframework.beans.factory.support.ConstructorResolver.instantiateUsingFactoryMethod(ConstructorResolver.java:587)
	at org.springframework.beans.factory.support.AbstractAutowireCapableBeanFactory.instantiateUsingFactoryMethod(AbstractAutowireCapableBeanFactory.java:1250)
	at org.springframework.beans.factory.support.AbstractAutowireCapableBeanFactory.createBeanInstance(AbstractAutowireCapableBeanFactory.java:1099)
	at org.springframework.beans.factory.support.AbstractAutowireCapableBeanFactory.doCreateBean(AbstractAutowireCapableBeanFactory.java:541)
	at org.springframework.beans.factory.support.AbstractAutowireCapableBeanFactory.createBean(AbstractAutowireCapableBeanFactory.java:501)
	at org.springframework.beans.factory.support.AbstractBeanFactory.lambda$doGetBean$0(AbstractBeanFactory.java:317)
	at org.springframework.beans.factory.support.DefaultSingletonBeanRegistry.getSingleton(DefaultSingletonBeanRegistry.java:228)
	at org.springframework.beans.factory.support.AbstractBeanFactory.doGetBean(AbstractBeanFactory.java:315)
	at org.springframework.beans.factory.support.AbstractBeanFactory.getBean(AbstractBeanFactory.java:199)
	at org.springframework.beans.factory.support.DefaultListableBeanFactory.preInstantiateSingletons(DefaultListableBeanFactory.java:760)
	at org.springframework.context.support.AbstractApplicationContext.finishBeanFactoryInitialization(AbstractApplicationContext.java:869)
	at org.springframework.context.support.AbstractApplicationContext.refresh(AbstractApplicationContext.java:550)
	at org.springframework.boot.SpringApplication.refresh(SpringApplication.java:759)
	at org.springframework.boot.SpringApplication.refreshContext(SpringApplication.java:395)
	at org.springframework.boot.SpringApplication.run(SpringApplication.java:327)
	at org.springframework.boot.test.context.SpringBootContextLoader.loadContext(SpringBootContextLoader.java:138)
	at org.springframework.test.context.cache.DefaultCacheAwareContextLoaderDelegate.loadContextInternal(DefaultCacheAwareContextLoaderDelegate.java:99)
	at org.springframework.test.context.cache.DefaultCacheAwareContextLoaderDelegate.loadContext(DefaultCacheAwareContextLoaderDelegate.java:117)
	at org.springframework.test.context.support.DefaultTestContext.getApplicationContext(DefaultTestContext.java:108)
	at org.springframework.test.context.web.ServletTestExecutionListener.setUpRequestContextIfNecessary(ServletTestExecutionListener.java:190)
	at org.springframework.test.context.web.ServletTestExecutionListener.prepareTestInstance(ServletTestExecutionListener.java:132)
	at org.springframework.test.context.TestContextManager.prepareTestInstance(TestContextManager.java:246)
	at org.springframework.test.context.junit4.SpringJUnit4ClassRunner.createTest(SpringJUnit4ClassRunner.java:227)
	at org.springframework.test.context.junit4.SpringJUnit4ClassRunner$1.runReflectiveCall(SpringJUnit4ClassRunner.java:289)
	at org.junit.internal.runners.model.ReflectiveCallable.run(ReflectiveCallable.java:12)
	at org.springframework.test.context.junit4.SpringJUnit4ClassRunner.methodBlock(SpringJUnit4ClassRunner.java:291)
	at org.springframework.test.context.junit4.SpringJUnit4ClassRunner.runChild(SpringJUnit4ClassRunner.java:246)
	at org.springframework.test.context.junit4.SpringJUnit4ClassRunner.runChild(SpringJUnit4ClassRunner.java:97)
	at org.junit.runners.ParentRunner$3.run(ParentRunner.java:290)
	at org.junit.runners.ParentRunner$1.schedule(ParentRunner.java:71)
	at org.junit.runners.ParentRunner.runChildren(ParentRunner.java:288)
	at org.junit.runners.ParentRunner.access$000(ParentRunner.java:58)
	at org.junit.runners.ParentRunner$2.evaluate(ParentRunner.java:268)
	at org.springframework.test.context.junit4.statements.RunBeforeTestClassCallbacks.evaluate(RunBeforeTestClassCallbacks.java:61)
	at org.springframework.test.context.junit4.statements.RunAfterTestClassCallbacks.evaluate(RunAfterTestClassCallbacks.java:70)
	at org.junit.runners.ParentRunner.run(ParentRunner.java:363)
	at org.springframework.test.context.junit4.SpringJUnit4ClassRunner.run(SpringJUnit4ClassRunner.java:190)
	at org.junit.runner.JUnitCore.run(JUnitCore.java:137)
	at com.intellij.junit4.JUnit4IdeaTestRunner.startRunnerWithArgs(JUnit4IdeaTestRunner.java:68)
	at com.intellij.rt.execution.junit.IdeaTestRunner$Repeater.startRunnerWithArgs(IdeaTestRunner.java:47)
	at com.intellij.rt.execution.junit.JUnitStarter.prepareStreamsAndStart(JUnitStarter.java:242)
	at com.intellij.rt.execution.junit.JUnitStarter.main(JUnitStarter.java:70)
Caused by: org.springframework.beans.BeanInstantiationException: Failed to instantiate [com.google.gson.GsonBuilder]: Factory method 'gsonBuilder' threw exception; nested exception is java.lang.BootstrapMethodError: java.lang.NoSuchMethodError: com.google.gson.GsonBuilder.setLenient()Lcom/google/gson/GsonBuilder;
	at org.springframework.beans.factory.support.SimpleInstantiationStrategy.instantiate(SimpleInstantiationStrategy.java:185)
	at org.springframework.beans.factory.support.ConstructorResolver.instantiateUsingFactoryMethod(ConstructorResolver.java:579)
	... 41 common frames omitted
Caused by: java.lang.BootstrapMethodError: java.lang.NoSuchMethodError: com.google.gson.GsonBuilder.setLenient()Lcom/google/gson/GsonBuilder;
	at org.springframework.boot.autoconfigure.gson.GsonAutoConfiguration$StandardGsonBuilderCustomizer.customize(GsonAutoConfiguration.java:96)
	at org.springframework.boot.autoconfigure.gson.GsonAutoConfiguration.lambda$gsonBuilder$0(GsonAutoConfiguration.java:49)
	at java.util.ArrayList.forEach(ArrayList.java:1257)
	at org.springframework.boot.autoconfigure.gson.GsonAutoConfiguration.gsonBuilder(GsonAutoConfiguration.java:49)
	at org.springframework.boot.autoconfigure.gson.GsonAutoConfiguration$$EnhancerBySpringCGLIB$$99539988.CGLIB$gsonBuilder$1(<generated>)
	at org.springframework.boot.autoconfigure.gson.GsonAutoConfiguration$$EnhancerBySpringCGLIB$$99539988$$FastClassBySpringCGLIB$$971ead32.invoke(<generated>)
	at org.springframework.cglib.proxy.MethodProxy.invokeSuper(MethodProxy.java:228)
	at org.springframework.context.annotation.ConfigurationClassEnhancer$BeanMethodInterceptor.intercept(ConfigurationClassEnhancer.java:361)
	at org.springframework.boot.autoconfigure.gson.GsonAutoConfiguration$$EnhancerBySpringCGLIB$$99539988.gsonBuilder(<generated>)
	at sun.reflect.NativeMethodAccessorImpl.invoke0(Native Method)
	at sun.reflect.NativeMethodAccessorImpl.invoke(NativeMethodAccessorImpl.java:62)
	at sun.reflect.DelegatingMethodAccessorImpl.invoke(DelegatingMethodAccessorImpl.java:43)
	at java.lang.reflect.Method.invoke(Method.java:498)
	at org.springframework.beans.factory.support.SimpleInstantiationStrategy.instantiate(SimpleInstantiationStrategy.java:154)
	... 42 common frames omitted
Caused by: java.lang.NoSuchMethodError: com.google.gson.GsonBuilder.setLenient()Lcom/google/gson/GsonBuilder;
	at java.lang.invoke.MethodHandleNatives.resolve(Native Method)
	at java.lang.invoke.MemberName$Factory.resolve(MemberName.java:975)
	at java.lang.invoke.MemberName$Factory.resolveOrFail(MemberName.java:1000)
	at java.lang.invoke.MethodHandles$Lookup.resolveOrFail(MethodHandles.java:1394)
	at java.lang.invoke.MethodHandles$Lookup.linkMethodHandleConstant(MethodHandles.java:1750)
	at java.lang.invoke.MethodHandleNatives.linkMethodHandleConstant(MethodHandleNatives.java:477)
	... 56 common frames omitted
2018-04-09 17:01:03,348 | ERROR [main] org.springframework.test.context.TestContextManager [250] -| Caught exception while allowing TestExecutionListener [org.springframework.test.context.web.ServletTestExecutionListener@34e9fd99] to prepare test instance [com.example.controller.TestUserController@57f9b467] 
java.lang.IllegalStateException: Failed to load ApplicationContext
	at org.springframework.test.context.cache.DefaultCacheAwareContextLoaderDelegate.loadContext(DefaultCacheAwareContextLoaderDelegate.java:125)
	at org.springframework.test.context.support.DefaultTestContext.getApplicationContext(DefaultTestContext.java:108)
	at org.springframework.test.context.web.ServletTestExecutionListener.setUpRequestContextIfNecessary(ServletTestExecutionListener.java:190)
	at org.springframework.test.context.web.ServletTestExecutionListener.prepareTestInstance(ServletTestExecutionListener.java:132)
	at org.springframework.test.context.TestContextManager.prepareTestInstance(TestContextManager.java:246)
	at org.springframework.test.context.junit4.SpringJUnit4ClassRunner.createTest(SpringJUnit4ClassRunner.java:227)
	at org.springframework.test.context.junit4.SpringJUnit4ClassRunner$1.runReflectiveCall(SpringJUnit4ClassRunner.java:289)
	at org.junit.internal.runners.model.ReflectiveCallable.run(ReflectiveCallable.java:12)
	at org.springframework.test.context.junit4.SpringJUnit4ClassRunner.methodBlock(SpringJUnit4ClassRunner.java:291)
	at org.springframework.test.context.junit4.SpringJUnit4ClassRunner.runChild(SpringJUnit4ClassRunner.java:246)
	at org.springframework.test.context.junit4.SpringJUnit4ClassRunner.runChild(SpringJUnit4ClassRunner.java:97)
	at org.junit.runners.ParentRunner$3.run(ParentRunner.java:290)
	at org.junit.runners.ParentRunner$1.schedule(ParentRunner.java:71)
	at org.junit.runners.ParentRunner.runChildren(ParentRunner.java:288)
	at org.junit.runners.ParentRunner.access$000(ParentRunner.java:58)
	at org.junit.runners.ParentRunner$2.evaluate(ParentRunner.java:268)
	at org.springframework.test.context.junit4.statements.RunBeforeTestClassCallbacks.evaluate(RunBeforeTestClassCallbacks.java:61)
	at org.springframework.test.context.junit4.statements.RunAfterTestClassCallbacks.evaluate(RunAfterTestClassCallbacks.java:70)
	at org.junit.runners.ParentRunner.run(ParentRunner.java:363)
	at org.springframework.test.context.junit4.SpringJUnit4ClassRunner.run(SpringJUnit4ClassRunner.java:190)
	at org.junit.runner.JUnitCore.run(JUnitCore.java:137)
	at com.intellij.junit4.JUnit4IdeaTestRunner.startRunnerWithArgs(JUnit4IdeaTestRunner.java:68)
	at com.intellij.rt.execution.junit.IdeaTestRunner$Repeater.startRunnerWithArgs(IdeaTestRunner.java:47)
	at com.intellij.rt.execution.junit.JUnitStarter.prepareStreamsAndStart(JUnitStarter.java:242)
	at com.intellij.rt.execution.junit.JUnitStarter.main(JUnitStarter.java:70)
Caused by: org.springframework.beans.factory.BeanCreationException: Error creating bean with name 'gsonBuilder' defined in class path resource [org/springframework/boot/autoconfigure/gson/GsonAutoConfiguration.class]: Bean instantiation via factory method failed; nested exception is org.springframework.beans.BeanInstantiationException: Failed to instantiate [com.google.gson.GsonBuilder]: Factory method 'gsonBuilder' threw exception; nested exception is java.lang.BootstrapMethodError: java.lang.NoSuchMethodError: com.google.gson.GsonBuilder.setLenient()Lcom/google/gson/GsonBuilder;
	at org.springframework.beans.factory.support.ConstructorResolver.instantiateUsingFactoryMethod(ConstructorResolver.java:587)
	at org.springframework.beans.factory.support.AbstractAutowireCapableBeanFactory.instantiateUsingFactoryMethod(AbstractAutowireCapableBeanFactory.java:1250)
	at org.springframework.beans.factory.support.AbstractAutowireCapableBeanFactory.createBeanInstance(AbstractAutowireCapableBeanFactory.java:1099)
	at org.springframework.beans.factory.support.AbstractAutowireCapableBeanFactory.doCreateBean(AbstractAutowireCapableBeanFactory.java:541)
	at org.springframework.beans.factory.support.AbstractAutowireCapableBeanFactory.createBean(AbstractAutowireCapableBeanFactory.java:501)
	at org.springframework.beans.factory.support.AbstractBeanFactory.lambda$doGetBean$0(AbstractBeanFactory.java:317)
	at org.springframework.beans.factory.support.DefaultSingletonBeanRegistry.getSingleton(DefaultSingletonBeanRegistry.java:228)
	at org.springframework.beans.factory.support.AbstractBeanFactory.doGetBean(AbstractBeanFactory.java:315)
	at org.springframework.beans.factory.support.AbstractBeanFactory.getBean(AbstractBeanFactory.java:199)
	at org.springframework.beans.factory.support.DefaultListableBeanFactory.preInstantiateSingletons(DefaultListableBeanFactory.java:760)
	at org.springframework.context.support.AbstractApplicationContext.finishBeanFactoryInitialization(AbstractApplicationContext.java:869)
	at org.springframework.context.support.AbstractApplicationContext.refresh(AbstractApplicationContext.java:550)
	at org.springframework.boot.SpringApplication.refresh(SpringApplication.java:759)
	at org.springframework.boot.SpringApplication.refreshContext(SpringApplication.java:395)
	at org.springframework.boot.SpringApplication.run(SpringApplication.java:327)
	at org.springframework.boot.test.context.SpringBootContextLoader.loadContext(SpringBootContextLoader.java:138)
	at org.springframework.test.context.cache.DefaultCacheAwareContextLoaderDelegate.loadContextInternal(DefaultCacheAwareContextLoaderDelegate.java:99)
	at org.springframework.test.context.cache.DefaultCacheAwareContextLoaderDelegate.loadContext(DefaultCacheAwareContextLoaderDelegate.java:117)
	... 24 common frames omitted
Caused by: org.springframework.beans.BeanInstantiationException: Failed to instantiate [com.google.gson.GsonBuilder]: Factory method 'gsonBuilder' threw exception; nested exception is java.lang.BootstrapMethodError: java.lang.NoSuchMethodError: com.google.gson.GsonBuilder.setLenient()Lcom/google/gson/GsonBuilder;
	at org.springframework.beans.factory.support.SimpleInstantiationStrategy.instantiate(SimpleInstantiationStrategy.java:185)
	at org.springframework.beans.factory.support.ConstructorResolver.instantiateUsingFactoryMethod(ConstructorResolver.java:579)
	... 41 common frames omitted
Caused by: java.lang.BootstrapMethodError: java.lang.NoSuchMethodError: com.google.gson.GsonBuilder.setLenient()Lcom/google/gson/GsonBuilder;
	at org.springframework.boot.autoconfigure.gson.GsonAutoConfiguration$StandardGsonBuilderCustomizer.customize(GsonAutoConfiguration.java:96)
	at org.springframework.boot.autoconfigure.gson.GsonAutoConfiguration.lambda$gsonBuilder$0(GsonAutoConfiguration.java:49)
	at java.util.ArrayList.forEach(ArrayList.java:1257)
	at org.springframework.boot.autoconfigure.gson.GsonAutoConfiguration.gsonBuilder(GsonAutoConfiguration.java:49)
	at org.springframework.boot.autoconfigure.gson.GsonAutoConfiguration$$EnhancerBySpringCGLIB$$99539988.CGLIB$gsonBuilder$1(<generated>)
	at org.springframework.boot.autoconfigure.gson.GsonAutoConfiguration$$EnhancerBySpringCGLIB$$99539988$$FastClassBySpringCGLIB$$971ead32.invoke(<generated>)
	at org.springframework.cglib.proxy.MethodProxy.invokeSuper(MethodProxy.java:228)
	at org.springframework.context.annotation.ConfigurationClassEnhancer$BeanMethodInterceptor.intercept(ConfigurationClassEnhancer.java:361)
	at org.springframework.boot.autoconfigure.gson.GsonAutoConfiguration$$EnhancerBySpringCGLIB$$99539988.gsonBuilder(<generated>)
	at sun.reflect.NativeMethodAccessorImpl.invoke0(Native Method)
	at sun.reflect.NativeMethodAccessorImpl.invoke(NativeMethodAccessorImpl.java:62)
	at sun.reflect.DelegatingMethodAccessorImpl.invoke(DelegatingMethodAccessorImpl.java:43)
	at java.lang.reflect.Method.invoke(Method.java:498)
	at org.springframework.beans.factory.support.SimpleInstantiationStrategy.instantiate(SimpleInstantiationStrategy.java:154)
	... 42 common frames omitted
Caused by: java.lang.NoSuchMethodError: com.google.gson.GsonBuilder.setLenient()Lcom/google/gson/GsonBuilder;
	at java.lang.invoke.MethodHandleNatives.resolve(Native Method)
	at java.lang.invoke.MemberName$Factory.resolve(MemberName.java:975)
	at java.lang.invoke.MemberName$Factory.resolveOrFail(MemberName.java:1000)
	at java.lang.invoke.MethodHandles$Lookup.resolveOrFail(MethodHandles.java:1394)
	at java.lang.invoke.MethodHandles$Lookup.linkMethodHandleConstant(MethodHandles.java:1750)
	at java.lang.invoke.MethodHandleNatives.linkMethodHandleConstant(MethodHandleNatives.java:477)
	... 56 common frames omitted
2018-04-09 17:36:29,940 | INFO  [main] com.example.controller.TestUserController [50] -| Starting TestUserController on William.local with PID 45296 (started by guxiaqing in /Users/guxiaqing/Documents/ideaDir/demo) 
2018-04-09 17:36:29,957 | INFO  [main] com.example.controller.TestUserController [663] -| The following profiles are active: local 
2018-04-09 17:36:31,909 | INFO  [main] com.example.datasource.MysqlConfig [69] -| 创建 mysql 数据源 
2018-04-09 17:36:32,345 | INFO  [main] com.example.datasource.OracleConfig [67] -| 创建 oracle 数据源 
2018-04-09 17:36:32,432 | INFO  [main] com.example.datasource.MysqlConfig [83] -| 创建 mysql DataSourceTransactionManager  
2018-04-09 17:36:32,460 | INFO  [main] com.example.datasource.OracleConfig [80] -| 创建 oracle DataSourceTransactionManager  
2018-04-09 17:36:33,807 | INFO  [main] com.example.controller.TestUserController [59] -| Started TestUserController in 4.83 seconds (JVM running for 6.329) 
2018-04-09 17:36:33,951 | INFO  [main] com.example.test.BaseTest [59] -| 端口号:-1 
2018-04-09 17:36:33,951 | INFO  [main] com.example.test.BaseTest [60] -| 当前使用配置文件:utf-8 
2018-04-09 17:36:34,045 | INFO  [main] com.example.component.MethodAspect [56] -| 请求url: http://127.0.0.1:8081/userController/user/ 
2018-04-09 17:36:34,045 | INFO  [main] com.example.component.MethodAspect [57] -| 方法类型: GET 
2018-04-09 17:36:34,046 | INFO  [main] com.example.component.MethodAspect [58] -| ip: 127.0.0.1 
2018-04-09 17:36:34,046 | INFO  [main] com.example.component.MethodAspect [59] -| 请求方法名: com.example.controller.UserController.getUser 
2018-04-09 17:36:34,046 | INFO  [main] com.example.component.MethodAspect [67] -| 请求入参:  
2018-04-09 17:36:34,074 | ERROR [main] com.zaxxer.hikari.HikariConfig [1058] -| HikariPool-1 - jdbcUrl is required with driverClassName. 
2018-04-09 17:36:34,079 | ERROR [main] com.example.component.MethodAspect [77] -| 调用方法异常： 
org.springframework.transaction.CannotCreateTransactionException: Could not open JDBC Connection for transaction; nested exception is java.lang.IllegalArgumentException: jdbcUrl is required with driverClassName.
	at org.springframework.jdbc.datasource.DataSourceTransactionManager.doBegin(DataSourceTransactionManager.java:305)
	at org.springframework.transaction.support.AbstractPlatformTransactionManager.getTransaction(AbstractPlatformTransactionManager.java:378)
	at org.springframework.transaction.interceptor.TransactionAspectSupport.createTransactionIfNecessary(TransactionAspectSupport.java:474)
	at org.springframework.transaction.interceptor.TransactionAspectSupport.invokeWithinTransaction(TransactionAspectSupport.java:289)
	at org.springframework.transaction.interceptor.TransactionInterceptor.invoke(TransactionInterceptor.java:98)
	at org.springframework.aop.framework.ReflectiveMethodInvocation.proceed(ReflectiveMethodInvocation.java:185)
	at org.springframework.aop.framework.CglibAopProxy$DynamicAdvisedInterceptor.intercept(CglibAopProxy.java:689)
	at com.example.service.impl.UserServiceImpl$$EnhancerBySpringCGLIB$$434cb38b.getUser(<generated>)
	at com.example.controller.UserController.getUser(UserController.java:43)
	at com.example.controller.UserController$$FastClassBySpringCGLIB$$8f8c4dc8.invoke(<generated>)
	at org.springframework.cglib.proxy.MethodProxy.invoke(MethodProxy.java:204)
	at org.springframework.aop.framework.CglibAopProxy$CglibMethodInvocation.invokeJoinpoint(CglibAopProxy.java:747)
	at org.springframework.aop.framework.ReflectiveMethodInvocation.proceed(ReflectiveMethodInvocation.java:163)
	at org.springframework.aop.aspectj.MethodInvocationProceedingJoinPoint.proceed(MethodInvocationProceedingJoinPoint.java:89)
	at com.example.component.MethodAspect.around(MethodAspect.java:70)
	at sun.reflect.NativeMethodAccessorImpl.invoke0(Native Method)
	at sun.reflect.NativeMethodAccessorImpl.invoke(NativeMethodAccessorImpl.java:62)
	at sun.reflect.DelegatingMethodAccessorImpl.invoke(DelegatingMethodAccessorImpl.java:43)
	at java.lang.reflect.Method.invoke(Method.java:498)
	at org.springframework.aop.aspectj.AbstractAspectJAdvice.invokeAdviceMethodWithGivenArgs(AbstractAspectJAdvice.java:644)
	at org.springframework.aop.aspectj.AbstractAspectJAdvice.invokeAdviceMethod(AbstractAspectJAdvice.java:633)
	at org.springframework.aop.aspectj.AspectJAroundAdvice.invoke(AspectJAroundAdvice.java:70)
	at org.springframework.aop.framework.ReflectiveMethodInvocation.proceed(ReflectiveMethodInvocation.java:185)
	at org.springframework.aop.interceptor.ExposeInvocationInterceptor.invoke(ExposeInvocationInterceptor.java:92)
	at org.springframework.aop.framework.ReflectiveMethodInvocation.proceed(ReflectiveMethodInvocation.java:185)
	at org.springframework.aop.framework.CglibAopProxy$DynamicAdvisedInterceptor.intercept(CglibAopProxy.java:689)
	at com.example.controller.UserController$$EnhancerBySpringCGLIB$$8d54d7c5.getUser(<generated>)
	at sun.reflect.NativeMethodAccessorImpl.invoke0(Native Method)
	at sun.reflect.NativeMethodAccessorImpl.invoke(NativeMethodAccessorImpl.java:62)
	at sun.reflect.DelegatingMethodAccessorImpl.invoke(DelegatingMethodAccessorImpl.java:43)
	at java.lang.reflect.Method.invoke(Method.java:498)
	at org.springframework.web.method.support.InvocableHandlerMethod.doInvoke(InvocableHandlerMethod.java:209)
	at org.springframework.web.method.support.InvocableHandlerMethod.invokeForRequest(InvocableHandlerMethod.java:136)
	at org.springframework.web.servlet.mvc.method.annotation.ServletInvocableHandlerMethod.invokeAndHandle(ServletInvocableHandlerMethod.java:102)
	at org.springframework.web.servlet.mvc.method.annotation.RequestMappingHandlerAdapter.invokeHandlerMethod(RequestMappingHandlerAdapter.java:877)
	at org.springframework.web.servlet.mvc.method.annotation.RequestMappingHandlerAdapter.handleInternal(RequestMappingHandlerAdapter.java:783)
	at org.springframework.web.servlet.mvc.method.AbstractHandlerMethodAdapter.handle(AbstractHandlerMethodAdapter.java:87)
	at org.springframework.web.servlet.DispatcherServlet.doDispatch(DispatcherServlet.java:991)
	at org.springframework.web.servlet.DispatcherServlet.doService(DispatcherServlet.java:925)
	at org.springframework.web.servlet.FrameworkServlet.processRequest(FrameworkServlet.java:974)
	at org.springframework.web.servlet.FrameworkServlet.doGet(FrameworkServlet.java:866)
	at javax.servlet.http.HttpServlet.service(HttpServlet.java:635)
	at org.springframework.web.servlet.FrameworkServlet.service(FrameworkServlet.java:851)
	at org.springframework.test.web.servlet.TestDispatcherServlet.service(TestDispatcherServlet.java:68)
	at javax.servlet.http.HttpServlet.service(HttpServlet.java:742)
	at org.springframework.mock.web.MockFilterChain$ServletFilterProxy.doFilter(MockFilterChain.java:166)
	at org.springframework.mock.web.MockFilterChain.doFilter(MockFilterChain.java:133)
	at org.springframework.test.web.servlet.MockMvc.perform(MockMvc.java:165)
	at com.example.test.BaseTest.excute(BaseTest.java:99)
	at com.example.controller.TestUserController.testGet(TestUserController.java:26)
	at sun.reflect.NativeMethodAccessorImpl.invoke0(Native Method)
	at sun.reflect.NativeMethodAccessorImpl.invoke(NativeMethodAccessorImpl.java:62)
	at sun.reflect.DelegatingMethodAccessorImpl.invoke(DelegatingMethodAccessorImpl.java:43)
	at java.lang.reflect.Method.invoke(Method.java:498)
	at org.junit.runners.model.FrameworkMethod$1.runReflectiveCall(FrameworkMethod.java:50)
	at org.junit.internal.runners.model.ReflectiveCallable.run(ReflectiveCallable.java:12)
	at org.junit.runners.model.FrameworkMethod.invokeExplosively(FrameworkMethod.java:47)
	at org.junit.internal.runners.statements.InvokeMethod.evaluate(InvokeMethod.java:17)
	at org.springframework.test.context.junit4.statements.RunBeforeTestExecutionCallbacks.evaluate(RunBeforeTestExecutionCallbacks.java:73)
	at org.springframework.test.context.junit4.statements.RunAfterTestExecutionCallbacks.evaluate(RunAfterTestExecutionCallbacks.java:83)
	at org.junit.internal.runners.statements.RunBefores.evaluate(RunBefores.java:26)
	at org.springframework.test.context.junit4.statements.RunBeforeTestMethodCallbacks.evaluate(RunBeforeTestMethodCallbacks.java:75)
	at org.junit.internal.runners.statements.RunAfters.evaluate(RunAfters.java:27)
	at org.springframework.test.context.junit4.statements.RunAfterTestMethodCallbacks.evaluate(RunAfterTestMethodCallbacks.java:86)
	at org.springframework.test.context.junit4.statements.SpringRepeat.evaluate(SpringRepeat.java:84)
	at org.junit.runners.ParentRunner.runLeaf(ParentRunner.java:325)
	at org.springframework.test.context.junit4.SpringJUnit4ClassRunner.runChild(SpringJUnit4ClassRunner.java:251)
	at org.springframework.test.context.junit4.SpringJUnit4ClassRunner.runChild(SpringJUnit4ClassRunner.java:97)
	at org.junit.runners.ParentRunner$3.run(ParentRunner.java:290)
	at org.junit.runners.ParentRunner$1.schedule(ParentRunner.java:71)
	at org.junit.runners.ParentRunner.runChildren(ParentRunner.java:288)
	at org.junit.runners.ParentRunner.access$000(ParentRunner.java:58)
	at org.junit.runners.ParentRunner$2.evaluate(ParentRunner.java:268)
	at org.springframework.test.context.junit4.statements.RunBeforeTestClassCallbacks.evaluate(RunBeforeTestClassCallbacks.java:61)
	at org.springframework.test.context.junit4.statements.RunAfterTestClassCallbacks.evaluate(RunAfterTestClassCallbacks.java:70)
	at org.junit.runners.ParentRunner.run(ParentRunner.java:363)
	at org.springframework.test.context.junit4.SpringJUnit4ClassRunner.run(SpringJUnit4ClassRunner.java:190)
	at org.junit.runner.JUnitCore.run(JUnitCore.java:137)
	at com.intellij.junit4.JUnit4IdeaTestRunner.startRunnerWithArgs(JUnit4IdeaTestRunner.java:68)
	at com.intellij.rt.execution.junit.IdeaTestRunner$Repeater.startRunnerWithArgs(IdeaTestRunner.java:47)
	at com.intellij.rt.execution.junit.JUnitStarter.prepareStreamsAndStart(JUnitStarter.java:242)
	at com.intellij.rt.execution.junit.JUnitStarter.main(JUnitStarter.java:70)
Caused by: java.lang.IllegalArgumentException: jdbcUrl is required with driverClassName.
	at com.zaxxer.hikari.HikariConfig.validate(HikariConfig.java:1059)
	at com.zaxxer.hikari.HikariDataSource.getConnection(HikariDataSource.java:109)
	at org.springframework.jdbc.datasource.DataSourceTransactionManager.doBegin(DataSourceTransactionManager.java:262)
	... 81 common frames omitted
2018-04-09 17:36:34,085 | ERROR [main] com.example.test.BaseTest [110] -| 测试接口异常： 
org.springframework.web.util.NestedServletException: Request processing failed; nested exception is java.lang.reflect.UndeclaredThrowableException
	at org.springframework.web.servlet.FrameworkServlet.processRequest(FrameworkServlet.java:982)
	at org.springframework.web.servlet.FrameworkServlet.doGet(FrameworkServlet.java:866)
	at javax.servlet.http.HttpServlet.service(HttpServlet.java:635)
	at org.springframework.web.servlet.FrameworkServlet.service(FrameworkServlet.java:851)
	at org.springframework.test.web.servlet.TestDispatcherServlet.service(TestDispatcherServlet.java:68)
	at javax.servlet.http.HttpServlet.service(HttpServlet.java:742)
	at org.springframework.mock.web.MockFilterChain$ServletFilterProxy.doFilter(MockFilterChain.java:166)
	at org.springframework.mock.web.MockFilterChain.doFilter(MockFilterChain.java:133)
	at org.springframework.test.web.servlet.MockMvc.perform(MockMvc.java:165)
	at com.example.test.BaseTest.excute(BaseTest.java:99)
	at com.example.controller.TestUserController.testGet(TestUserController.java:26)
	at sun.reflect.NativeMethodAccessorImpl.invoke0(Native Method)
	at sun.reflect.NativeMethodAccessorImpl.invoke(NativeMethodAccessorImpl.java:62)
	at sun.reflect.DelegatingMethodAccessorImpl.invoke(DelegatingMethodAccessorImpl.java:43)
	at java.lang.reflect.Method.invoke(Method.java:498)
	at org.junit.runners.model.FrameworkMethod$1.runReflectiveCall(FrameworkMethod.java:50)
	at org.junit.internal.runners.model.ReflectiveCallable.run(ReflectiveCallable.java:12)
	at org.junit.runners.model.FrameworkMethod.invokeExplosively(FrameworkMethod.java:47)
	at org.junit.internal.runners.statements.InvokeMethod.evaluate(InvokeMethod.java:17)
	at org.springframework.test.context.junit4.statements.RunBeforeTestExecutionCallbacks.evaluate(RunBeforeTestExecutionCallbacks.java:73)
	at org.springframework.test.context.junit4.statements.RunAfterTestExecutionCallbacks.evaluate(RunAfterTestExecutionCallbacks.java:83)
	at org.junit.internal.runners.statements.RunBefores.evaluate(RunBefores.java:26)
	at org.springframework.test.context.junit4.statements.RunBeforeTestMethodCallbacks.evaluate(RunBeforeTestMethodCallbacks.java:75)
	at org.junit.internal.runners.statements.RunAfters.evaluate(RunAfters.java:27)
	at org.springframework.test.context.junit4.statements.RunAfterTestMethodCallbacks.evaluate(RunAfterTestMethodCallbacks.java:86)
	at org.springframework.test.context.junit4.statements.SpringRepeat.evaluate(SpringRepeat.java:84)
	at org.junit.runners.ParentRunner.runLeaf(ParentRunner.java:325)
	at org.springframework.test.context.junit4.SpringJUnit4ClassRunner.runChild(SpringJUnit4ClassRunner.java:251)
	at org.springframework.test.context.junit4.SpringJUnit4ClassRunner.runChild(SpringJUnit4ClassRunner.java:97)
	at org.junit.runners.ParentRunner$3.run(ParentRunner.java:290)
	at org.junit.runners.ParentRunner$1.schedule(ParentRunner.java:71)
	at org.junit.runners.ParentRunner.runChildren(ParentRunner.java:288)
	at org.junit.runners.ParentRunner.access$000(ParentRunner.java:58)
	at org.junit.runners.ParentRunner$2.evaluate(ParentRunner.java:268)
	at org.springframework.test.context.junit4.statements.RunBeforeTestClassCallbacks.evaluate(RunBeforeTestClassCallbacks.java:61)
	at org.springframework.test.context.junit4.statements.RunAfterTestClassCallbacks.evaluate(RunAfterTestClassCallbacks.java:70)
	at org.junit.runners.ParentRunner.run(ParentRunner.java:363)
	at org.springframework.test.context.junit4.SpringJUnit4ClassRunner.run(SpringJUnit4ClassRunner.java:190)
	at org.junit.runner.JUnitCore.run(JUnitCore.java:137)
	at com.intellij.junit4.JUnit4IdeaTestRunner.startRunnerWithArgs(JUnit4IdeaTestRunner.java:68)
	at com.intellij.rt.execution.junit.IdeaTestRunner$Repeater.startRunnerWithArgs(IdeaTestRunner.java:47)
	at com.intellij.rt.execution.junit.JUnitStarter.prepareStreamsAndStart(JUnitStarter.java:242)
	at com.intellij.rt.execution.junit.JUnitStarter.main(JUnitStarter.java:70)
Caused by: java.lang.reflect.UndeclaredThrowableException: null
	at com.example.controller.UserController$$EnhancerBySpringCGLIB$$8d54d7c5.getUser(<generated>)
	at sun.reflect.NativeMethodAccessorImpl.invoke0(Native Method)
	at sun.reflect.NativeMethodAccessorImpl.invoke(NativeMethodAccessorImpl.java:62)
	at sun.reflect.DelegatingMethodAccessorImpl.invoke(DelegatingMethodAccessorImpl.java:43)
	at java.lang.reflect.Method.invoke(Method.java:498)
	at org.springframework.web.method.support.InvocableHandlerMethod.doInvoke(InvocableHandlerMethod.java:209)
	at org.springframework.web.method.support.InvocableHandlerMethod.invokeForRequest(InvocableHandlerMethod.java:136)
	at org.springframework.web.servlet.mvc.method.annotation.ServletInvocableHandlerMethod.invokeAndHandle(ServletInvocableHandlerMethod.java:102)
	at org.springframework.web.servlet.mvc.method.annotation.RequestMappingHandlerAdapter.invokeHandlerMethod(RequestMappingHandlerAdapter.java:877)
	at org.springframework.web.servlet.mvc.method.annotation.RequestMappingHandlerAdapter.handleInternal(RequestMappingHandlerAdapter.java:783)
	at org.springframework.web.servlet.mvc.method.AbstractHandlerMethodAdapter.handle(AbstractHandlerMethodAdapter.java:87)
	at org.springframework.web.servlet.DispatcherServlet.doDispatch(DispatcherServlet.java:991)
	at org.springframework.web.servlet.DispatcherServlet.doService(DispatcherServlet.java:925)
	at org.springframework.web.servlet.FrameworkServlet.processRequest(FrameworkServlet.java:974)
	... 42 common frames omitted
Caused by: java.lang.Throwable: 调用方法异常：
	at com.example.component.MethodAspect.around(MethodAspect.java:78)
	at sun.reflect.NativeMethodAccessorImpl.invoke0(Native Method)
	at sun.reflect.NativeMethodAccessorImpl.invoke(NativeMethodAccessorImpl.java:62)
	at sun.reflect.DelegatingMethodAccessorImpl.invoke(DelegatingMethodAccessorImpl.java:43)
	at java.lang.reflect.Method.invoke(Method.java:498)
	at org.springframework.aop.aspectj.AbstractAspectJAdvice.invokeAdviceMethodWithGivenArgs(AbstractAspectJAdvice.java:644)
	at org.springframework.aop.aspectj.AbstractAspectJAdvice.invokeAdviceMethod(AbstractAspectJAdvice.java:633)
	at org.springframework.aop.aspectj.AspectJAroundAdvice.invoke(AspectJAroundAdvice.java:70)
	at org.springframework.aop.framework.ReflectiveMethodInvocation.proceed(ReflectiveMethodInvocation.java:185)
	at org.springframework.aop.interceptor.ExposeInvocationInterceptor.invoke(ExposeInvocationInterceptor.java:92)
	at org.springframework.aop.framework.ReflectiveMethodInvocation.proceed(ReflectiveMethodInvocation.java:185)
	at org.springframework.aop.framework.CglibAopProxy$DynamicAdvisedInterceptor.intercept(CglibAopProxy.java:689)
	... 56 common frames omitted
Caused by: org.springframework.transaction.CannotCreateTransactionException: Could not open JDBC Connection for transaction; nested exception is java.lang.IllegalArgumentException: jdbcUrl is required with driverClassName.
	at org.springframework.jdbc.datasource.DataSourceTransactionManager.doBegin(DataSourceTransactionManager.java:305)
	at org.springframework.transaction.support.AbstractPlatformTransactionManager.getTransaction(AbstractPlatformTransactionManager.java:378)
	at org.springframework.transaction.interceptor.TransactionAspectSupport.createTransactionIfNecessary(TransactionAspectSupport.java:474)
	at org.springframework.transaction.interceptor.TransactionAspectSupport.invokeWithinTransaction(TransactionAspectSupport.java:289)
	at org.springframework.transaction.interceptor.TransactionInterceptor.invoke(TransactionInterceptor.java:98)
	at org.springframework.aop.framework.ReflectiveMethodInvocation.proceed(ReflectiveMethodInvocation.java:185)
	at org.springframework.aop.framework.CglibAopProxy$DynamicAdvisedInterceptor.intercept(CglibAopProxy.java:689)
	at com.example.service.impl.UserServiceImpl$$EnhancerBySpringCGLIB$$434cb38b.getUser(<generated>)
	at com.example.controller.UserController.getUser(UserController.java:43)
	at com.example.controller.UserController$$FastClassBySpringCGLIB$$8f8c4dc8.invoke(<generated>)
	at org.springframework.cglib.proxy.MethodProxy.invoke(MethodProxy.java:204)
	at org.springframework.aop.framework.CglibAopProxy$CglibMethodInvocation.invokeJoinpoint(CglibAopProxy.java:747)
	at org.springframework.aop.framework.ReflectiveMethodInvocation.proceed(ReflectiveMethodInvocation.java:163)
	at org.springframework.aop.aspectj.MethodInvocationProceedingJoinPoint.proceed(MethodInvocationProceedingJoinPoint.java:89)
	at com.example.component.MethodAspect.around(MethodAspect.java:70)
	... 67 common frames omitted
Caused by: java.lang.IllegalArgumentException: jdbcUrl is required with driverClassName.
	at com.zaxxer.hikari.HikariConfig.validate(HikariConfig.java:1059)
	at com.zaxxer.hikari.HikariDataSource.getConnection(HikariDataSource.java:109)
	at org.springframework.jdbc.datasource.DataSourceTransactionManager.doBegin(DataSourceTransactionManager.java:262)
	... 81 common frames omitted
2018-04-09 17:45:29,183 | INFO  [main] com.example.controller.TestUserController [50] -| Starting TestUserController on William.local with PID 45313 (started by guxiaqing in /Users/guxiaqing/Documents/ideaDir/demo) 
2018-04-09 17:45:29,188 | INFO  [main] com.example.controller.TestUserController [663] -| The following profiles are active: local 
2018-04-09 17:45:31,371 | INFO  [main] com.example.datasource.MysqlConfig [82] -| 创建 mysql 数据源 
2018-04-09 17:45:31,899 | INFO  [main] com.example.datasource.OracleConfig [80] -| 创建 oracle 数据源 
2018-04-09 17:45:32,020 | INFO  [main] com.example.datasource.MysqlConfig [97] -| 创建 mysql DataSourceTransactionManager  
2018-04-09 17:45:32,038 | INFO  [main] com.example.datasource.OracleConfig [94] -| 创建 oracle DataSourceTransactionManager  
2018-04-09 17:45:33,500 | INFO  [main] com.example.controller.TestUserController [59] -| Started TestUserController in 5.494 seconds (JVM running for 7.344) 
2018-04-09 17:45:33,619 | INFO  [main] com.example.test.BaseTest [59] -| 端口号:-1 
2018-04-09 17:45:33,619 | INFO  [main] com.example.test.BaseTest [60] -| 当前使用配置文件:utf-8 
2018-04-09 17:45:33,689 | INFO  [main] com.example.component.MethodAspect [56] -| 请求url: http://127.0.0.1:8081/userController/user/ 
2018-04-09 17:45:33,690 | INFO  [main] com.example.component.MethodAspect [57] -| 方法类型: GET 
2018-04-09 17:45:33,690 | INFO  [main] com.example.component.MethodAspect [58] -| ip: 127.0.0.1 
2018-04-09 17:45:33,691 | INFO  [main] com.example.component.MethodAspect [59] -| 请求方法名: com.example.controller.UserController.getUser 
2018-04-09 17:45:33,691 | INFO  [main] com.example.component.MethodAspect [67] -| 请求入参:  
2018-04-09 17:45:33,711 | INFO  [main] com.zaxxer.hikari.HikariDataSource [110] -| HikariPool-1 - Starting... 
2018-04-09 17:45:34,015 | INFO  [main] com.zaxxer.hikari.HikariDataSource [123] -| HikariPool-1 - Start completed. 
2018-04-09 17:45:34,186 | INFO  [main] com.example.component.MethodAspect [73] -| 返回值：{"err_info":"查询用户列表成功","err_no":0,"data":[{"id":"1f100f189n1aoo2gl4ho00rxes9149","name":"李四","birthday":"2016-01-01","money":120000.0},{"id":"1fd70x13wad01ftz9x70ph625ugdbj","name":"张三","birthday":"2017-03-14","money":150000.0},{"id":"28s6lkhkhu12f36s8pcy919jv32q56","name":"小伙伴","birthday":"2017-10-09","money":180000.0},{"id":"eaced11h95g1gp0hciymjdoyco6pyt","name":"日了狗了","birthday":"2016-01-01","money":350000.0}]} 
2018-04-09 17:45:34,186 | INFO  [main] com.example.component.MethodAspect [83] -| 程序执行时间：498 
2018-04-09 17:45:34,226 | INFO  [main] com.example.test.BaseTest [106] -| 请求状态: 200 
2018-04-09 17:45:34,226 | INFO  [main] com.example.test.BaseTest [107] -| 返回结果: {"err_info":"查询用户列表成功","err_no":0,"data":[{"id":"1f100f189n1aoo2gl4ho00rxes9149","name":"李四","birthday":"2016-01-01","money":120000.0},{"id":"1fd70x13wad01ftz9x70ph625ugdbj","name":"张三","birthday":"2017-03-14","money":150000.0},{"id":"28s6lkhkhu12f36s8pcy919jv32q56","name":"小伙伴","birthday":"2017-10-09","money":180000.0},{"id":"eaced11h95g1gp0hciymjdoyco6pyt","name":"日了狗了","birthday":"2016-01-01","money":350000.0}]} 
2018-04-09 17:45:34,241 | INFO  [Thread-3] com.zaxxer.hikari.HikariDataSource [381] -| HikariPool-1 - Shutdown initiated... 
2018-04-09 17:45:34,252 | INFO  [Thread-3] com.zaxxer.hikari.HikariDataSource [383] -| HikariPool-1 - Shutdown completed. 
